2025-07-08T14:36:31.604 INF "Config loaded: C:/Users/roman.clavier/Documents/Roman/Programmation/C++/BluePoint/KukaRSI/Config/default.json"
2025-07-08T14:37:12.770 INF "UDP client opened at 172.31.2.100:49152"
2025-07-08T14:37:15.454 DBG "<Sen Type=\"ImFree\"> <EStr></EStr> <MoveType>1</MoveType> <RobotBase>0</RobotBase> <DeltaPos X=\"0\" Y=\"0\" Z=\"0\" A=\"0\" B=\"0\" C=\"0\"/> <Digout>0</Digout> <IPOC>1047493630</IPOC> </Sen>"
2025-07-08T14:37:15.455 INF "Connection established from 172.31.2.108:53453"
2025-07-08T14:37:15.457 DBG "<Sen Type=\"ImFree\"> <EStr></EStr> <MoveType>0</MoveType> <RobotBase>1</RobotBase> <DeltaPos X=\"0\" Y=\"0\" Z=\"0\" A=\"0\" B=\"0\" C=\"0\"/> <Digout>0</Digout> <IPOC>1047493634</IPOC> </Sen>"
2025-07-08T14:37:15.459 DBG "<Sen Type=\"ImFree\"> <EStr></EStr> <MoveType>0</MoveType> <RobotBase>1</RobotBase> <DeltaPos X=\"0\" Y=\"0\" Z=\"0\" A=\"0\" B=\"0\" C=\"0\"/> <Digout>0</Digout> <IPOC>1047493638</IPOC> </Sen>"
2025-07-08T14:37:15.459 DBG "<Sen Type=\"ImFree\"> <EStr></EStr> <MoveType>0</MoveType> <RobotBase>1</RobotBase> <DeltaPos X=\"0\" Y=\"0\" Z=\"0\" A=\"0\" B=\"0\" C=\"0\"/> <Digout>0</Digout> <IPOC>1047493642</IPOC> </Sen>"
2025-07-08T14:37:15.525 DBG "<Sen Type=\"ImFree\"> <EStr></EStr> <MoveType>0</MoveType> <RobotBase>1</RobotBase> <DeltaPos X=\"0\" Y=\"0\" Z=\"0\" A=\"0\" B=\"0\" C=\"0\"/> <Digout>0</Digout> <IPOC>1047493646</IPOC> </Sen>"
2025-07-08T14:37:15.526 DBG "<Sen Type=\"ImFree\"> <EStr></EStr> <MoveType>0</MoveType> <RobotBase>1</RobotBase> <DeltaPos X=\"0\" Y=\"0\" Z=\"0\" A=\"0\" B=\"0\" C=\"0\"/> <Digout>0</Digout> <IPOC>1047493650</IPOC> </Sen>"
2025-07-08T14:37:15.526 DBG "<Sen Type=\"ImFree\"> <EStr></EStr> <MoveType>0</MoveType> <RobotBase>1</RobotBase> <DeltaPos X=\"0\" Y=\"0\" Z=\"0\" A=\"0\" B=\"0\" C=\"0\"/> <Digout>0</Digout> <IPOC>1047493654</IPOC> </Sen>"
2025-07-08T14:37:15.527 DBG "<Sen Type=\"ImFree\"> <EStr></EStr> <MoveType>0</MoveType> <RobotBase>1</RobotBase> <DeltaPos X=\"0\" Y=\"0\" Z=\"0\" A=\"0\" B=\"0\" C=\"0\"/> <Digout>0</Digout> <IPOC>1047493658</IPOC> </Sen>"
2025-07-08T14:37:15.527 DBG "<Sen Type=\"ImFree\"> <EStr></EStr> <MoveType>0</MoveType> <RobotBase>1</RobotBase> <DeltaPos X=\"0\" Y=\"0\" Z=\"0\" A=\"0\" B=\"0\" C=\"0\"/> <Digout>0</Digout> <IPOC>1047493662</IPOC> </Sen>"
2025-07-08T14:37:15.527 DBG "<Sen Type=\"ImFree\"> <EStr></EStr> <MoveType>0</MoveType> <RobotBase>1</RobotBase> <DeltaPos X=\"0\" Y=\"0\" Z=\"0\" A=\"0\" B=\"0\" C=\"0\"/> <Digout>0</Digout> <IPOC>1047493666</IPOC> </Sen>"
2025-07-08T14:37:15.529 DBG "<Sen Type=\"ImFree\"> <EStr></EStr> <MoveType>0</MoveType> <RobotBase>1</RobotBase> <DeltaPos X=\"0\" Y=\"0\" Z=\"0\" A=\"0\" B=\"0\" C=\"0\"/> <Digout>0</Digout> <IPOC>1047493670</IPOC> </Sen>"
2025-07-08T14:37:15.529 DBG "<Sen Type=\"ImFree\"> <EStr></EStr> <MoveType>0</MoveType> <RobotBase>1</RobotBase> <DeltaPos X=\"0\" Y=\"0\" Z=\"0\" A=\"0\" B=\"0\" C=\"0\"/> <Digout>0</Digout> <IPOC>1047493674</IPOC> </Sen>"
2025-07-08T14:37:15.530 DBG "<Sen Type=\"ImFree\"> <EStr></EStr> <MoveType>0</MoveType> <RobotBase>1</RobotBase> <DeltaPos X=\"0\" Y=\"0\" Z=\"0\" A=\"0\" B=\"0\" C=\"0\"/> <Digout>0</Digout> <IPOC>1047493678</IPOC> </Sen>"
2025-07-08T14:37:15.530 DBG "<Sen Type=\"ImFree\"> <EStr></EStr> <MoveType>0</MoveType> <RobotBase>1</RobotBase> <DeltaPos X=\"0\" Y=\"0\" Z=\"0\" A=\"0\" B=\"0\" C=\"0\"/> <Digout>0</Digout> <IPOC>1047493682</IPOC> </Sen>"
2025-07-08T14:37:15.532 DBG "<Sen Type=\"ImFree\"> <EStr></EStr> <MoveType>0</MoveType> <RobotBase>1</RobotBase> <DeltaPos X=\"0\" Y=\"0\" Z=\"0\" A=\"0\" B=\"0\" C=\"0\"/> <Digout>0</Digout> <IPOC>1047493686</IPOC> </Sen>"
2025-07-08T14:37:15.532 DBG "<Sen Type=\"ImFree\"> <EStr></EStr> <MoveType>0</MoveType> <RobotBase>1</RobotBase> <DeltaPos X=\"0\" Y=\"0\" Z=\"0\" A=\"0\" B=\"0\" C=\"0\"/> <Digout>0</Digout> <IPOC>1047493690</IPOC> </Sen>"
2025-07-08T14:37:15.533 DBG "<Sen Type=\"ImFree\"> <EStr></EStr> <MoveType>0</MoveType> <RobotBase>1</RobotBase> <DeltaPos X=\"0\" Y=\"0\" Z=\"0\" A=\"0\" B=\"0\" C=\"0\"/> <Digout>0</Digout> <IPOC>1047493694</IPOC> </Sen>"
2025-07-08T14:37:15.534 DBG "<Sen Type=\"ImFree\"> <EStr></EStr> <MoveType>0</MoveType> <RobotBase>1</RobotBase> <DeltaPos X=\"0\" Y=\"0\" Z=\"0\" A=\"0\" B=\"0\" C=\"0\"/> <Digout>0</Digout> <IPOC>1047493698</IPOC> </Sen>"
2025-07-08T14:37:15.536 DBG "<Sen Type=\"ImFree\"> <EStr></EStr> <MoveType>0</MoveType> <RobotBase>1</RobotBase> <DeltaPos X=\"0\" Y=\"0\" Z=\"0\" A=\"0\" B=\"0\" C=\"0\"/> <Digout>0</Digout> <IPOC>1047493702</IPOC> </Sen>"
2025-07-08T14:37:15.536 DBG "<Sen Type=\"ImFree\"> <EStr></EStr> <MoveType>0</MoveType> <RobotBase>1</RobotBase> <DeltaPos X=\"0\" Y=\"0\" Z=\"0\" A=\"0\" B=\"0\" C=\"0\"/> <Digout>0</Digout> <IPOC>1047493706</IPOC> </Sen>"
2025-07-08T14:37:15.537 DBG "<Sen Type=\"ImFree\"> <EStr></EStr> <MoveType>0</MoveType> <RobotBase>1</RobotBase> <DeltaPos X=\"0\" Y=\"0\" Z=\"0\" A=\"0\" B=\"0\" C=\"0\"/> <Digout>0</Digout> <IPOC>1047493710</IPOC> </Sen>"
2025-07-08T14:37:15.537 DBG "<Sen Type=\"ImFree\"> <EStr></EStr> <MoveType>0</MoveType> <RobotBase>1</RobotBase> <DeltaPos X=\"0\" Y=\"0\" Z=\"0\" A=\"0\" B=\"0\" C=\"0\"/> <Digout>0</Digout> <IPOC>1047493714</IPOC> </Sen>"
2025-07-08T14:37:15.537 DBG "<Sen Type=\"ImFree\"> <EStr></EStr> <MoveType>0</MoveType> <RobotBase>1</RobotBase> <DeltaPos X=\"0\" Y=\"0\" Z=\"0\" A=\"0\" B=\"0\" C=\"0\"/> <Digout>0</Digout> <IPOC>1047493718</IPOC> </Sen>"
2025-07-08T14:37:15.538 DBG "<Sen Type=\"ImFree\"> <EStr></EStr> <MoveType>0</MoveType> <RobotBase>1</RobotBase> <DeltaPos X=\"0\" Y=\"0\" Z=\"0\" A=\"0\" B=\"0\" C=\"0\"/> <Digout>0</Digout> <IPOC>1047493722</IPOC> </Sen>"
2025-07-08T14:37:15.558 DBG "<Sen Type=\"ImFree\"> <EStr></EStr> <MoveType>0</MoveType> <RobotBase>1</RobotBase> <DeltaPos X=\"0\" Y=\"0\" Z=\"0\" A=\"0\" B=\"0\" C=\"0\"/> <Digout>0</Digout> <IPOC>1047493726</IPOC> </Sen>"
2025-07-08T14:37:15.559 DBG "<Sen Type=\"ImFree\"> <EStr></EStr> <MoveType>0</MoveType> <RobotBase>1</RobotBase> <DeltaPos X=\"0\" Y=\"0\" Z=\"0\" A=\"0\" B=\"0\" C=\"0\"/> <Digout>0</Digout> <IPOC>1047493730</IPOC> </Sen>"
2025-07-08T14:37:15.560 DBG "<Sen Type=\"ImFree\"> <EStr></EStr> <MoveType>0</MoveType> <RobotBase>1</RobotBase> <DeltaPos X=\"0\" Y=\"0\" Z=\"0\" A=\"0\" B=\"0\" C=\"0\"/> <Digout>0</Digout> <IPOC>1047493734</IPOC> </Sen>"
2025-07-08T14:37:15.562 DBG "<Sen Type=\"ImFree\"> <EStr></EStr> <MoveType>0</MoveType> <RobotBase>1</RobotBase> <DeltaPos X=\"0\" Y=\"0\" Z=\"0\" A=\"0\" B=\"0\" C=\"0\"/> <Digout>0</Digout> <IPOC>1047493738</IPOC> </Sen>"
2025-07-08T14:37:15.562 DBG "<Sen Type=\"ImFree\"> <EStr></EStr> <MoveType>0</MoveType> <RobotBase>1</RobotBase> <DeltaPos X=\"0\" Y=\"0\" Z=\"0\" A=\"0\" B=\"0\" C=\"0\"/> <Digout>0</Digout> <IPOC>1047493742</IPOC> </Sen>"
2025-07-08T14:37:15.563 DBG "<Sen Type=\"ImFree\"> <EStr></EStr> <MoveType>0</MoveType> <RobotBase>1</RobotBase> <DeltaPos X=\"0\" Y=\"0\" Z=\"0\" A=\"0\" B=\"0\" C=\"0\"/> <Digout>0</Digout> <IPOC>1047493746</IPOC> </Sen>"
2025-07-08T14:37:15.680 DBG "<Sen Type=\"ImFree\"> <EStr></EStr> <MoveType>0</MoveType> <RobotBase>1</RobotBase> <DeltaPos X=\"0\" Y=\"0\" Z=\"0\" A=\"0\" B=\"0\" C=\"0\"/> <Digout>0</Digout> <IPOC>1047493750</IPOC> </Sen>"
2025-07-08T14:37:15.681 DBG "<Sen Type=\"ImFree\"> <EStr></EStr> <MoveType>0</MoveType> <RobotBase>1</RobotBase> <DeltaPos X=\"0\" Y=\"0\" Z=\"0\" A=\"0\" B=\"0\" C=\"0\"/> <Digout>0</Digout> <IPOC>1047493754</IPOC> </Sen>"
2025-07-08T14:37:15.682 DBG "<Sen Type=\"ImFree\"> <EStr></EStr> <MoveType>0</MoveType> <RobotBase>1</RobotBase> <DeltaPos X=\"0\" Y=\"0\" Z=\"0\" A=\"0\" B=\"0\" C=\"0\"/> <Digout>0</Digout> <IPOC>1047493758</IPOC> </Sen>"
2025-07-08T14:37:15.682 DBG "<Sen Type=\"ImFree\"> <EStr></EStr> <MoveType>0</MoveType> <RobotBase>1</RobotBase> <DeltaPos X=\"0\" Y=\"0\" Z=\"0\" A=\"0\" B=\"0\" C=\"0\"/> <Digout>0</Digout> <IPOC>1047493762</IPOC> </Sen>"
2025-07-08T14:37:15.683 DBG "<Sen Type=\"ImFree\"> <EStr></EStr> <MoveType>0</MoveType> <RobotBase>1</RobotBase> <DeltaPos X=\"0\" Y=\"0\" Z=\"0\" A=\"0\" B=\"0\" C=\"0\"/> <Digout>0</Digout> <IPOC>1047493766</IPOC> </Sen>"
2025-07-08T14:37:15.684 DBG "<Sen Type=\"ImFree\"> <EStr></EStr> <MoveType>0</MoveType> <RobotBase>1</RobotBase> <DeltaPos X=\"0\" Y=\"0\" Z=\"0\" A=\"0\" B=\"0\" C=\"0\"/> <Digout>0</Digout> <IPOC>1047493770</IPOC> </Sen>"
2025-07-08T14:37:15.685 DBG "<Sen Type=\"ImFree\"> <EStr></EStr> <MoveType>0</MoveType> <RobotBase>1</RobotBase> <DeltaPos X=\"0\" Y=\"0\" Z=\"0\" A=\"0\" B=\"0\" C=\"0\"/> <Digout>0</Digout> <IPOC>1047493774</IPOC> </Sen>"
2025-07-08T14:37:15.686 DBG "<Sen Type=\"ImFree\"> <EStr></EStr> <MoveType>0</MoveType> <RobotBase>1</RobotBase> <DeltaPos X=\"0\" Y=\"0\" Z=\"0\" A=\"0\" B=\"0\" C=\"0\"/> <Digout>0</Digout> <IPOC>1047493778</IPOC> </Sen>"
2025-07-08T14:37:15.686 DBG "<Sen Type=\"ImFree\"> <EStr></EStr> <MoveType>0</MoveType> <RobotBase>1</RobotBase> <DeltaPos X=\"0\" Y=\"0\" Z=\"0\" A=\"0\" B=\"0\" C=\"0\"/> <Digout>0</Digout> <IPOC>1047493782</IPOC> </Sen>"
2025-07-08T14:37:15.687 DBG "<Sen Type=\"ImFree\"> <EStr></EStr> <MoveType>0</MoveType> <RobotBase>1</RobotBase> <DeltaPos X=\"0\" Y=\"0\" Z=\"0\" A=\"0\" B=\"0\" C=\"0\"/> <Digout>0</Digout> <IPOC>1047493786</IPOC> </Sen>"
2025-07-08T14:37:15.688 DBG "<Sen Type=\"ImFree\"> <EStr></EStr> <MoveType>0</MoveType> <RobotBase>1</RobotBase> <DeltaPos X=\"0\" Y=\"0\" Z=\"0\" A=\"0\" B=\"0\" C=\"0\"/> <Digout>0</Digout> <IPOC>1047493790</IPOC> </Sen>"
2025-07-08T14:37:15.688 DBG "<Sen Type=\"ImFree\"> <EStr></EStr> <MoveType>0</MoveType> <RobotBase>1</RobotBase> <DeltaPos X=\"0\" Y=\"0\" Z=\"0\" A=\"0\" B=\"0\" C=\"0\"/> <Digout>0</Digout> <IPOC>1047493794</IPOC> </Sen>"
2025-07-08T14:37:15.689 DBG "<Sen Type=\"ImFree\"> <EStr></EStr> <MoveType>0</MoveType> <RobotBase>1</RobotBase> <DeltaPos X=\"0\" Y=\"0\" Z=\"0\" A=\"0\" B=\"0\" C=\"0\"/> <Digout>0</Digout> <IPOC>1047493798</IPOC> </Sen>"
2025-07-08T14:37:15.689 DBG "<Sen Type=\"ImFree\"> <EStr></EStr> <MoveType>0</MoveType> <RobotBase>1</RobotBase> <DeltaPos X=\"0\" Y=\"0\" Z=\"0\" A=\"0\" B=\"0\" C=\"0\"/> <Digout>0</Digout> <IPOC>1047493802</IPOC> </Sen>"
2025-07-08T14:37:15.691 DBG "<Sen Type=\"ImFree\"> <EStr></EStr> <MoveType>0</MoveType> <RobotBase>1</RobotBase> <DeltaPos X=\"0\" Y=\"0\" Z=\"0\" A=\"0\" B=\"0\" C=\"0\"/> <Digout>0</Digout> <IPOC>1047493806</IPOC> </Sen>"
2025-07-08T14:37:15.691 DBG "<Sen Type=\"ImFree\"> <EStr></EStr> <MoveType>0</MoveType> <RobotBase>1</RobotBase> <DeltaPos X=\"0\" Y=\"0\" Z=\"0\" A=\"0\" B=\"0\" C=\"0\"/> <Digout>0</Digout> <IPOC>1047493810</IPOC> </Sen>"
2025-07-08T14:37:15.692 DBG "<Sen Type=\"ImFree\"> <EStr></EStr> <MoveType>0</MoveType> <RobotBase>1</RobotBase> <DeltaPos X=\"0\" Y=\"0\" Z=\"0\" A=\"0\" B=\"0\" C=\"0\"/> <Digout>0</Digout> <IPOC>1047493814</IPOC> </Sen>"
2025-07-08T14:37:15.693 DBG "<Sen Type=\"ImFree\"> <EStr></EStr> <MoveType>0</MoveType> <RobotBase>1</RobotBase> <DeltaPos X=\"0\" Y=\"0\" Z=\"0\" A=\"0\" B=\"0\" C=\"0\"/> <Digout>0</Digout> <IPOC>1047493818</IPOC> </Sen>"
2025-07-08T14:37:15.693 DBG "<Sen Type=\"ImFree\"> <EStr></EStr> <MoveType>0</MoveType> <RobotBase>1</RobotBase> <DeltaPos X=\"0\" Y=\"0\" Z=\"0\" A=\"0\" B=\"0\" C=\"0\"/> <Digout>0</Digout> <IPOC>1047493822</IPOC> </Sen>"
2025-07-08T14:37:15.693 DBG "<Sen Type=\"ImFree\"> <EStr></EStr> <MoveType>0</MoveType> <RobotBase>1</RobotBase> <DeltaPos X=\"0\" Y=\"0\" Z=\"0\" A=\"0\" B=\"0\" C=\"0\"/> <Digout>0</Digout> <IPOC>1047493826</IPOC> </Sen>"
2025-07-08T14:37:15.694 DBG "<Sen Type=\"ImFree\"> <EStr></EStr> <MoveType>0</MoveType> <RobotBase>1</RobotBase> <DeltaPos X=\"0\" Y=\"0\" Z=\"0\" A=\"0\" B=\"0\" C=\"0\"/> <Digout>0</Digout> <IPOC>1047493830</IPOC> </Sen>"
2025-07-08T14:37:15.695 DBG "<Sen Type=\"ImFree\"> <EStr></EStr> <MoveType>0</MoveType> <RobotBase>1</RobotBase> <DeltaPos X=\"0\" Y=\"0\" Z=\"0\" A=\"0\" B=\"0\" C=\"0\"/> <Digout>0</Digout> <IPOC>1047493834</IPOC> </Sen>"
2025-07-08T14:37:15.696 DBG "<Sen Type=\"ImFree\"> <EStr></EStr> <MoveType>0</MoveType> <RobotBase>1</RobotBase> <DeltaPos X=\"0\" Y=\"0\" Z=\"0\" A=\"0\" B=\"0\" C=\"0\"/> <Digout>0</Digout> <IPOC>1047493838</IPOC> </Sen>"
2025-07-08T14:37:15.696 DBG "<Sen Type=\"ImFree\"> <EStr></EStr> <MoveType>0</MoveType> <RobotBase>1</RobotBase> <DeltaPos X=\"0\" Y=\"0\" Z=\"0\" A=\"0\" B=\"0\" C=\"0\"/> <Digout>0</Digout> <IPOC>1047493842</IPOC> </Sen>"
2025-07-08T14:37:15.697 DBG "<Sen Type=\"ImFree\"> <EStr></EStr> <MoveType>0</MoveType> <RobotBase>1</RobotBase> <DeltaPos X=\"0\" Y=\"0\" Z=\"0\" A=\"0\" B=\"0\" C=\"0\"/> <Digout>0</Digout> <IPOC>1047493846</IPOC> </Sen>"
2025-07-08T14:37:15.698 DBG "<Sen Type=\"ImFree\"> <EStr></EStr> <MoveType>0</MoveType> <RobotBase>1</RobotBase> <DeltaPos X=\"0\" Y=\"0\" Z=\"0\" A=\"0\" B=\"0\" C=\"0\"/> <Digout>0</Digout> <IPOC>1047493850</IPOC> </Sen>"
2025-07-08T14:37:15.699 DBG "<Sen Type=\"ImFree\"> <EStr></EStr> <MoveType>0</MoveType> <RobotBase>1</RobotBase> <DeltaPos X=\"0\" Y=\"0\" Z=\"0\" A=\"0\" B=\"0\" C=\"0\"/> <Digout>0</Digout> <IPOC>1047493854</IPOC> </Sen>"
2025-07-08T14:37:15.699 DBG "<Sen Type=\"ImFree\"> <EStr></EStr> <MoveType>0</MoveType> <RobotBase>1</RobotBase> <DeltaPos X=\"0\" Y=\"0\" Z=\"0\" A=\"0\" B=\"0\" C=\"0\"/> <Digout>0</Digout> <IPOC>1047493858</IPOC> </Sen>"
2025-07-08T14:37:15.703 DBG "<Sen Type=\"ImFree\"> <EStr></EStr> <MoveType>0</MoveType> <RobotBase>1</RobotBase> <DeltaPos X=\"0\" Y=\"0\" Z=\"0\" A=\"0\" B=\"0\" C=\"0\"/> <Digout>0</Digout> <IPOC>1047493862</IPOC> </Sen>"
2025-07-08T14:37:15.704 DBG "<Sen Type=\"ImFree\"> <EStr></EStr> <MoveType>0</MoveType> <RobotBase>1</RobotBase> <DeltaPos X=\"0\" Y=\"0\" Z=\"0\" A=\"0\" B=\"0\" C=\"0\"/> <Digout>0</Digout> <IPOC>1047493866</IPOC> </Sen>"
2025-07-08T14:37:15.705 DBG "<Sen Type=\"ImFree\"> <EStr></EStr> <MoveType>0</MoveType> <RobotBase>1</RobotBase> <DeltaPos X=\"0\" Y=\"0\" Z=\"0\" A=\"0\" B=\"0\" C=\"0\"/> <Digout>0</Digout> <IPOC>1047493870</IPOC> </Sen>"
2025-07-08T14:37:15.706 DBG "<Sen Type=\"ImFree\"> <EStr></EStr> <MoveType>0</MoveType> <RobotBase>1</RobotBase> <DeltaPos X=\"0\" Y=\"0\" Z=\"0\" A=\"0\" B=\"0\" C=\"0\"/> <Digout>0</Digout> <IPOC>1047493874</IPOC> </Sen>"
2025-07-08T14:37:15.707 DBG "<Sen Type=\"ImFree\"> <EStr></EStr> <MoveType>0</MoveType> <RobotBase>1</RobotBase> <DeltaPos X=\"0\" Y=\"0\" Z=\"0\" A=\"0\" B=\"0\" C=\"0\"/> <Digout>0</Digout> <IPOC>1047493878</IPOC> </Sen>"
2025-07-08T14:37:15.707 DBG "<Sen Type=\"ImFree\"> <EStr></EStr> <MoveType>0</MoveType> <RobotBase>1</RobotBase> <DeltaPos X=\"0\" Y=\"0\" Z=\"0\" A=\"0\" B=\"0\" C=\"0\"/> <Digout>0</Digout> <IPOC>1047493882</IPOC> </Sen>"
2025-07-08T14:37:15.708 DBG "<Sen Type=\"ImFree\"> <EStr></EStr> <MoveType>0</MoveType> <RobotBase>1</RobotBase> <DeltaPos X=\"0\" Y=\"0\" Z=\"0\" A=\"0\" B=\"0\" C=\"0\"/> <Digout>0</Digout> <IPOC>1047493886</IPOC> </Sen>"
2025-07-08T14:37:15.709 DBG "<Sen Type=\"ImFree\"> <EStr></EStr> <MoveType>0</MoveType> <RobotBase>1</RobotBase> <DeltaPos X=\"0\" Y=\"0\" Z=\"0\" A=\"0\" B=\"0\" C=\"0\"/> <Digout>0</Digout> <IPOC>1047493890</IPOC> </Sen>"
2025-07-08T14:37:15.806 DBG "<Sen Type=\"ImFree\"> <EStr></EStr> <MoveType>0</MoveType> <RobotBase>1</RobotBase> <DeltaPos X=\"0\" Y=\"0\" Z=\"0\" A=\"0\" B=\"0\" C=\"0\"/> <Digout>0</Digout> <IPOC>1047493894</IPOC> </Sen>"
2025-07-08T14:37:15.808 DBG "<Sen Type=\"ImFree\"> <EStr></EStr> <MoveType>0</MoveType> <RobotBase>1</RobotBase> <DeltaPos X=\"0\" Y=\"0\" Z=\"0\" A=\"0\" B=\"0\" C=\"0\"/> <Digout>0</Digout> <IPOC>1047493898</IPOC> </Sen>"
2025-07-08T14:37:15.808 DBG "<Sen Type=\"ImFree\"> <EStr></EStr> <MoveType>0</MoveType> <RobotBase>1</RobotBase> <DeltaPos X=\"0\" Y=\"0\" Z=\"0\" A=\"0\" B=\"0\" C=\"0\"/> <Digout>0</Digout> <IPOC>1047493902</IPOC> </Sen>"
2025-07-08T14:37:15.809 DBG "<Sen Type=\"ImFree\"> <EStr></EStr> <MoveType>0</MoveType> <RobotBase>1</RobotBase> <DeltaPos X=\"0\" Y=\"0\" Z=\"0\" A=\"0\" B=\"0\" C=\"0\"/> <Digout>0</Digout> <IPOC>1047493906</IPOC> </Sen>"
2025-07-08T14:37:15.810 DBG "<Sen Type=\"ImFree\"> <EStr></EStr> <MoveType>0</MoveType> <RobotBase>1</RobotBase> <DeltaPos X=\"0\" Y=\"0\" Z=\"0\" A=\"0\" B=\"0\" C=\"0\"/> <Digout>0</Digout> <IPOC>1047493910</IPOC> </Sen>"
2025-07-08T14:37:15.810 DBG "<Sen Type=\"ImFree\"> <EStr></EStr> <MoveType>0</MoveType> <RobotBase>1</RobotBase> <DeltaPos X=\"0\" Y=\"0\" Z=\"0\" A=\"0\" B=\"0\" C=\"0\"/> <Digout>0</Digout> <IPOC>1047493914</IPOC> </Sen>"
2025-07-08T14:37:15.812 DBG "<Sen Type=\"ImFree\"> <EStr></EStr> <MoveType>0</MoveType> <RobotBase>1</RobotBase> <DeltaPos X=\"0\" Y=\"0\" Z=\"0\" A=\"0\" B=\"0\" C=\"0\"/> <Digout>0</Digout> <IPOC>1047493918</IPOC> </Sen>"
2025-07-08T14:37:15.812 DBG "<Sen Type=\"ImFree\"> <EStr></EStr> <MoveType>0</MoveType> <RobotBase>1</RobotBase> <DeltaPos X=\"0\" Y=\"0\" Z=\"0\" A=\"0\" B=\"0\" C=\"0\"/> <Digout>0</Digout> <IPOC>1047493922</IPOC> </Sen>"
2025-07-08T14:37:15.813 DBG "<Sen Type=\"ImFree\"> <EStr></EStr> <MoveType>0</MoveType> <RobotBase>1</RobotBase> <DeltaPos X=\"0\" Y=\"0\" Z=\"0\" A=\"0\" B=\"0\" C=\"0\"/> <Digout>0</Digout> <IPOC>1047493926</IPOC> </Sen>"
2025-07-08T14:37:15.813 DBG "<Sen Type=\"ImFree\"> <EStr></EStr> <MoveType>0</MoveType> <RobotBase>1</RobotBase> <DeltaPos X=\"0\" Y=\"0\" Z=\"0\" A=\"0\" B=\"0\" C=\"0\"/> <Digout>0</Digout> <IPOC>1047493930</IPOC> </Sen>"
2025-07-08T14:37:15.814 DBG "<Sen Type=\"ImFree\"> <EStr></EStr> <MoveType>0</MoveType> <RobotBase>1</RobotBase> <DeltaPos X=\"0\" Y=\"0\" Z=\"0\" A=\"0\" B=\"0\" C=\"0\"/> <Digout>0</Digout> <IPOC>1047493934</IPOC> </Sen>"
2025-07-08T14:37:15.815 DBG "<Sen Type=\"ImFree\"> <EStr></EStr> <MoveType>0</MoveType> <RobotBase>1</RobotBase> <DeltaPos X=\"0\" Y=\"0\" Z=\"0\" A=\"0\" B=\"0\" C=\"0\"/> <Digout>0</Digout> <IPOC>1047493938</IPOC> </Sen>"
2025-07-08T14:37:15.815 DBG "<Sen Type=\"ImFree\"> <EStr></EStr> <MoveType>0</MoveType> <RobotBase>1</RobotBase> <DeltaPos X=\"0\" Y=\"0\" Z=\"0\" A=\"0\" B=\"0\" C=\"0\"/> <Digout>0</Digout> <IPOC>1047493942</IPOC> </Sen>"
2025-07-08T14:37:15.816 DBG "<Sen Type=\"ImFree\"> <EStr></EStr> <MoveType>0</MoveType> <RobotBase>1</RobotBase> <DeltaPos X=\"0\" Y=\"0\" Z=\"0\" A=\"0\" B=\"0\" C=\"0\"/> <Digout>0</Digout> <IPOC>1047493946</IPOC> </Sen>"
2025-07-08T14:37:15.816 DBG "<Sen Type=\"ImFree\"> <EStr></EStr> <MoveType>0</MoveType> <RobotBase>1</RobotBase> <DeltaPos X=\"0\" Y=\"0\" Z=\"0\" A=\"0\" B=\"0\" C=\"0\"/> <Digout>0</Digout> <IPOC>1047493950</IPOC> </Sen>"
2025-07-08T14:37:15.818 DBG "<Sen Type=\"ImFree\"> <EStr></EStr> <MoveType>0</MoveType> <RobotBase>1</RobotBase> <DeltaPos X=\"0\" Y=\"0\" Z=\"0\" A=\"0\" B=\"0\" C=\"0\"/> <Digout>0</Digout> <IPOC>1047493954</IPOC> </Sen>"
2025-07-08T14:37:15.818 DBG "<Sen Type=\"ImFree\"> <EStr></EStr> <MoveType>0</MoveType> <RobotBase>1</RobotBase> <DeltaPos X=\"0\" Y=\"0\" Z=\"0\" A=\"0\" B=\"0\" C=\"0\"/> <Digout>0</Digout> <IPOC>1047493958</IPOC> </Sen>"
2025-07-08T14:37:15.819 DBG "<Sen Type=\"ImFree\"> <EStr></EStr> <MoveType>0</MoveType> <RobotBase>1</RobotBase> <DeltaPos X=\"0\" Y=\"0\" Z=\"0\" A=\"0\" B=\"0\" C=\"0\"/> <Digout>0</Digout> <IPOC>1047493962</IPOC> </Sen>"
2025-07-08T14:37:15.820 DBG "<Sen Type=\"ImFree\"> <EStr></EStr> <MoveType>0</MoveType> <RobotBase>1</RobotBase> <DeltaPos X=\"0\" Y=\"0\" Z=\"0\" A=\"0\" B=\"0\" C=\"0\"/> <Digout>0</Digout> <IPOC>1047493966</IPOC> </Sen>"
2025-07-08T14:37:15.820 DBG "<Sen Type=\"ImFree\"> <EStr></EStr> <MoveType>0</MoveType> <RobotBase>1</RobotBase> <DeltaPos X=\"0\" Y=\"0\" Z=\"0\" A=\"0\" B=\"0\" C=\"0\"/> <Digout>0</Digout> <IPOC>1047493970</IPOC> </Sen>"
2025-07-08T14:37:15.821 DBG "<Sen Type=\"ImFree\"> <EStr></EStr> <MoveType>0</MoveType> <RobotBase>1</RobotBase> <DeltaPos X=\"0\" Y=\"0\" Z=\"0\" A=\"0\" B=\"0\" C=\"0\"/> <Digout>0</Digout> <IPOC>1047493974</IPOC> </Sen>"
2025-07-08T14:37:15.821 DBG "<Sen Type=\"ImFree\"> <EStr></EStr> <MoveType>0</MoveType> <RobotBase>1</RobotBase> <DeltaPos X=\"0\" Y=\"0\" Z=\"0\" A=\"0\" B=\"0\" C=\"0\"/> <Digout>0</Digout> <IPOC>1047493978</IPOC> </Sen>"
2025-07-08T14:37:15.822 DBG "<Sen Type=\"ImFree\"> <EStr></EStr> <MoveType>0</MoveType> <RobotBase>1</RobotBase> <DeltaPos X=\"0\" Y=\"0\" Z=\"0\" A=\"0\" B=\"0\" C=\"0\"/> <Digout>0</Digout> <IPOC>1047493982</IPOC> </Sen>"
2025-07-08T14:37:15.823 DBG "<Sen Type=\"ImFree\"> <EStr></EStr> <MoveType>0</MoveType> <RobotBase>1</RobotBase> <DeltaPos X=\"0\" Y=\"0\" Z=\"0\" A=\"0\" B=\"0\" C=\"0\"/> <Digout>0</Digout> <IPOC>1047493986</IPOC> </Sen>"
2025-07-08T14:37:15.823 DBG "<Sen Type=\"ImFree\"> <EStr></EStr> <MoveType>0</MoveType> <RobotBase>1</RobotBase> <DeltaPos X=\"0\" Y=\"0\" Z=\"0\" A=\"0\" B=\"0\" C=\"0\"/> <Digout>0</Digout> <IPOC>1047493990</IPOC> </Sen>"
2025-07-08T14:37:15.824 DBG "<Sen Type=\"ImFree\"> <EStr></EStr> <MoveType>0</MoveType> <RobotBase>1</RobotBase> <DeltaPos X=\"0\" Y=\"0\" Z=\"0\" A=\"0\" B=\"0\" C=\"0\"/> <Digout>0</Digout> <IPOC>1047493994</IPOC> </Sen>"
2025-07-08T14:37:15.825 DBG "<Sen Type=\"ImFree\"> <EStr></EStr> <MoveType>0</MoveType> <RobotBase>1</RobotBase> <DeltaPos X=\"0\" Y=\"0\" Z=\"0\" A=\"0\" B=\"0\" C=\"0\"/> <Digout>0</Digout> <IPOC>1047493998</IPOC> </Sen>"
2025-07-08T14:37:15.825 DBG "<Sen Type=\"ImFree\"> <EStr></EStr> <MoveType>0</MoveType> <RobotBase>1</RobotBase> <DeltaPos X=\"0\" Y=\"0\" Z=\"0\" A=\"0\" B=\"0\" C=\"0\"/> <Digout>0</Digout> <IPOC>1047494002</IPOC> </Sen>"
2025-07-08T14:37:15.826 DBG "<Sen Type=\"ImFree\"> <EStr></EStr> <MoveType>0</MoveType> <RobotBase>1</RobotBase> <DeltaPos X=\"0\" Y=\"0\" Z=\"0\" A=\"0\" B=\"0\" C=\"0\"/> <Digout>0</Digout> <IPOC>1047494006</IPOC> </Sen>"
2025-07-08T14:37:15.826 DBG "<Sen Type=\"ImFree\"> <EStr></EStr> <MoveType>0</MoveType> <RobotBase>1</RobotBase> <DeltaPos X=\"0\" Y=\"0\" Z=\"0\" A=\"0\" B=\"0\" C=\"0\"/> <Digout>0</Digout> <IPOC>1047494010</IPOC> </Sen>"
2025-07-08T14:37:15.945 DBG "<Sen Type=\"ImFree\"> <EStr></EStr> <MoveType>0</MoveType> <RobotBase>1</RobotBase> <DeltaPos X=\"0\" Y=\"0\" Z=\"0\" A=\"0\" B=\"0\" C=\"0\"/> <Digout>0</Digout> <IPOC>1047494014</IPOC> </Sen>"
2025-07-08T14:37:15.947 DBG "<Sen Type=\"ImFree\"> <EStr></EStr> <MoveType>0</MoveType> <RobotBase>1</RobotBase> <DeltaPos X=\"0\" Y=\"0\" Z=\"0\" A=\"0\" B=\"0\" C=\"0\"/> <Digout>0</Digout> <IPOC>1047494018</IPOC> </Sen>"
2025-07-08T14:37:15.947 DBG "<Sen Type=\"ImFree\"> <EStr></EStr> <MoveType>0</MoveType> <RobotBase>1</RobotBase> <DeltaPos X=\"0\" Y=\"0\" Z=\"0\" A=\"0\" B=\"0\" C=\"0\"/> <Digout>0</Digout> <IPOC>1047494022</IPOC> </Sen>"
2025-07-08T14:37:15.949 DBG "<Sen Type=\"ImFree\"> <EStr></EStr> <MoveType>0</MoveType> <RobotBase>1</RobotBase> <DeltaPos X=\"0\" Y=\"0\" Z=\"0\" A=\"0\" B=\"0\" C=\"0\"/> <Digout>0</Digout> <IPOC>1047494026</IPOC> </Sen>"
2025-07-08T14:37:15.949 DBG "<Sen Type=\"ImFree\"> <EStr></EStr> <MoveType>0</MoveType> <RobotBase>1</RobotBase> <DeltaPos X=\"0\" Y=\"0\" Z=\"0\" A=\"0\" B=\"0\" C=\"0\"/> <Digout>0</Digout> <IPOC>1047494030</IPOC> </Sen>"
2025-07-08T14:37:15.951 DBG "<Sen Type=\"ImFree\"> <EStr></EStr> <MoveType>0</MoveType> <RobotBase>1</RobotBase> <DeltaPos X=\"0\" Y=\"0\" Z=\"0\" A=\"0\" B=\"0\" C=\"0\"/> <Digout>0</Digout> <IPOC>1047494034</IPOC> </Sen>"
2025-07-08T14:37:15.953 DBG "<Sen Type=\"ImFree\"> <EStr></EStr> <MoveType>0</MoveType> <RobotBase>1</RobotBase> <DeltaPos X=\"0\" Y=\"0\" Z=\"0\" A=\"0\" B=\"0\" C=\"0\"/> <Digout>0</Digout> <IPOC>1047494038</IPOC> </Sen>"
2025-07-08T14:37:15.953 DBG "<Sen Type=\"ImFree\"> <EStr></EStr> <MoveType>0</MoveType> <RobotBase>1</RobotBase> <DeltaPos X=\"0\" Y=\"0\" Z=\"0\" A=\"0\" B=\"0\" C=\"0\"/> <Digout>0</Digout> <IPOC>1047494042</IPOC> </Sen>"
2025-07-08T14:37:15.954 DBG "<Sen Type=\"ImFree\"> <EStr></EStr> <MoveType>0</MoveType> <RobotBase>1</RobotBase> <DeltaPos X=\"0\" Y=\"0\" Z=\"0\" A=\"0\" B=\"0\" C=\"0\"/> <Digout>0</Digout> <IPOC>1047494046</IPOC> </Sen>"
2025-07-08T14:37:15.955 DBG "<Sen Type=\"ImFree\"> <EStr></EStr> <MoveType>0</MoveType> <RobotBase>1</RobotBase> <DeltaPos X=\"0\" Y=\"0\" Z=\"0\" A=\"0\" B=\"0\" C=\"0\"/> <Digout>0</Digout> <IPOC>1047494050</IPOC> </Sen>"
2025-07-08T14:37:15.955 DBG "<Sen Type=\"ImFree\"> <EStr></EStr> <MoveType>0</MoveType> <RobotBase>1</RobotBase> <DeltaPos X=\"0\" Y=\"0\" Z=\"0\" A=\"0\" B=\"0\" C=\"0\"/> <Digout>0</Digout> <IPOC>1047494054</IPOC> </Sen>"
2025-07-08T14:37:15.956 DBG "<Sen Type=\"ImFree\"> <EStr></EStr> <MoveType>0</MoveType> <RobotBase>1</RobotBase> <DeltaPos X=\"0\" Y=\"0\" Z=\"0\" A=\"0\" B=\"0\" C=\"0\"/> <Digout>0</Digout> <IPOC>1047494058</IPOC> </Sen>"
2025-07-08T14:37:15.956 DBG "<Sen Type=\"ImFree\"> <EStr></EStr> <MoveType>0</MoveType> <RobotBase>1</RobotBase> <DeltaPos X=\"0\" Y=\"0\" Z=\"0\" A=\"0\" B=\"0\" C=\"0\"/> <Digout>0</Digout> <IPOC>1047494062</IPOC> </Sen>"
2025-07-08T14:37:15.957 DBG "<Sen Type=\"ImFree\"> <EStr></EStr> <MoveType>0</MoveType> <RobotBase>1</RobotBase> <DeltaPos X=\"0\" Y=\"0\" Z=\"0\" A=\"0\" B=\"0\" C=\"0\"/> <Digout>0</Digout> <IPOC>1047494066</IPOC> </Sen>"
2025-07-08T14:37:15.957 DBG "<Sen Type=\"ImFree\"> <EStr></EStr> <MoveType>0</MoveType> <RobotBase>1</RobotBase> <DeltaPos X=\"0\" Y=\"0\" Z=\"0\" A=\"0\" B=\"0\" C=\"0\"/> <Digout>0</Digout> <IPOC>1047494070</IPOC> </Sen>"
2025-07-08T14:37:15.958 DBG "<Sen Type=\"ImFree\"> <EStr></EStr> <MoveType>0</MoveType> <RobotBase>1</RobotBase> <DeltaPos X=\"0\" Y=\"0\" Z=\"0\" A=\"0\" B=\"0\" C=\"0\"/> <Digout>0</Digout> <IPOC>1047494074</IPOC> </Sen>"
2025-07-08T14:37:15.958 DBG "<Sen Type=\"ImFree\"> <EStr></EStr> <MoveType>0</MoveType> <RobotBase>1</RobotBase> <DeltaPos X=\"0\" Y=\"0\" Z=\"0\" A=\"0\" B=\"0\" C=\"0\"/> <Digout>0</Digout> <IPOC>1047494078</IPOC> </Sen>"
2025-07-08T14:37:15.958 DBG "<Sen Type=\"ImFree\"> <EStr></EStr> <MoveType>0</MoveType> <RobotBase>1</RobotBase> <DeltaPos X=\"0\" Y=\"0\" Z=\"0\" A=\"0\" B=\"0\" C=\"0\"/> <Digout>0</Digout> <IPOC>1047494082</IPOC> </Sen>"
2025-07-08T14:37:15.960 DBG "<Sen Type=\"ImFree\"> <EStr></EStr> <MoveType>0</MoveType> <RobotBase>1</RobotBase> <DeltaPos X=\"0\" Y=\"0\" Z=\"0\" A=\"0\" B=\"0\" C=\"0\"/> <Digout>0</Digout> <IPOC>1047494086</IPOC> </Sen>"
2025-07-08T14:37:15.960 DBG "<Sen Type=\"ImFree\"> <EStr></EStr> <MoveType>0</MoveType> <RobotBase>1</RobotBase> <DeltaPos X=\"0\" Y=\"0\" Z=\"0\" A=\"0\" B=\"0\" C=\"0\"/> <Digout>0</Digout> <IPOC>1047494090</IPOC> </Sen>"
2025-07-08T14:37:15.962 DBG "<Sen Type=\"ImFree\"> <EStr></EStr> <MoveType>0</MoveType> <RobotBase>1</RobotBase> <DeltaPos X=\"0\" Y=\"0\" Z=\"0\" A=\"0\" B=\"0\" C=\"0\"/> <Digout>0</Digout> <IPOC>1047494094</IPOC> </Sen>"
2025-07-08T14:37:15.962 DBG "<Sen Type=\"ImFree\"> <EStr></EStr> <MoveType>0</MoveType> <RobotBase>1</RobotBase> <DeltaPos X=\"0\" Y=\"0\" Z=\"0\" A=\"0\" B=\"0\" C=\"0\"/> <Digout>0</Digout> <IPOC>1047494098</IPOC> </Sen>"
2025-07-08T14:37:15.963 DBG "<Sen Type=\"ImFree\"> <EStr></EStr> <MoveType>0</MoveType> <RobotBase>1</RobotBase> <DeltaPos X=\"0\" Y=\"0\" Z=\"0\" A=\"0\" B=\"0\" C=\"0\"/> <Digout>0</Digout> <IPOC>1047494102</IPOC> </Sen>"
2025-07-08T14:37:15.963 DBG "<Sen Type=\"ImFree\"> <EStr></EStr> <MoveType>0</MoveType> <RobotBase>1</RobotBase> <DeltaPos X=\"0\" Y=\"0\" Z=\"0\" A=\"0\" B=\"0\" C=\"0\"/> <Digout>0</Digout> <IPOC>1047494106</IPOC> </Sen>"
2025-07-08T14:37:15.963 DBG "<Sen Type=\"ImFree\"> <EStr></EStr> <MoveType>0</MoveType> <RobotBase>1</RobotBase> <DeltaPos X=\"0\" Y=\"0\" Z=\"0\" A=\"0\" B=\"0\" C=\"0\"/> <Digout>0</Digout> <IPOC>1047494110</IPOC> </Sen>"
2025-07-08T14:37:15.964 DBG "<Sen Type=\"ImFree\"> <EStr></EStr> <MoveType>0</MoveType> <RobotBase>1</RobotBase> <DeltaPos X=\"0\" Y=\"0\" Z=\"0\" A=\"0\" B=\"0\" C=\"0\"/> <Digout>0</Digout> <IPOC>1047494114</IPOC> </Sen>"
2025-07-08T14:37:15.965 DBG "<Sen Type=\"ImFree\"> <EStr></EStr> <MoveType>0</MoveType> <RobotBase>1</RobotBase> <DeltaPos X=\"0\" Y=\"0\" Z=\"0\" A=\"0\" B=\"0\" C=\"0\"/> <Digout>0</Digout> <IPOC>1047494118</IPOC> </Sen>"
2025-07-08T14:37:15.966 DBG "<Sen Type=\"ImFree\"> <EStr></EStr> <MoveType>0</MoveType> <RobotBase>1</RobotBase> <DeltaPos X=\"0\" Y=\"0\" Z=\"0\" A=\"0\" B=\"0\" C=\"0\"/> <Digout>0</Digout> <IPOC>1047494122</IPOC> </Sen>"
2025-07-08T14:37:15.967 DBG "<Sen Type=\"ImFree\"> <EStr></EStr> <MoveType>0</MoveType> <RobotBase>1</RobotBase> <DeltaPos X=\"0\" Y=\"0\" Z=\"0\" A=\"0\" B=\"0\" C=\"0\"/> <Digout>0</Digout> <IPOC>1047494126</IPOC> </Sen>"
2025-07-08T14:37:15.969 DBG "<Sen Type=\"ImFree\"> <EStr></EStr> <MoveType>0</MoveType> <RobotBase>1</RobotBase> <DeltaPos X=\"0\" Y=\"0\" Z=\"0\" A=\"0\" B=\"0\" C=\"0\"/> <Digout>0</Digout> <IPOC>1047494130</IPOC> </Sen>"
2025-07-08T14:37:15.971 DBG "<Sen Type=\"ImFree\"> <EStr></EStr> <MoveType>0</MoveType> <RobotBase>1</RobotBase> <DeltaPos X=\"0\" Y=\"0\" Z=\"0\" A=\"0\" B=\"0\" C=\"0\"/> <Digout>0</Digout> <IPOC>1047494134</IPOC> </Sen>"
2025-07-08T14:37:15.971 DBG "<Sen Type=\"ImFree\"> <EStr></EStr> <MoveType>0</MoveType> <RobotBase>1</RobotBase> <DeltaPos X=\"0\" Y=\"0\" Z=\"0\" A=\"0\" B=\"0\" C=\"0\"/> <Digout>0</Digout> <IPOC>1047494138</IPOC> </Sen>"
2025-07-08T14:37:15.973 DBG "<Sen Type=\"ImFree\"> <EStr></EStr> <MoveType>0</MoveType> <RobotBase>1</RobotBase> <DeltaPos X=\"0\" Y=\"0\" Z=\"0\" A=\"0\" B=\"0\" C=\"0\"/> <Digout>0</Digout> <IPOC>1047494142</IPOC> </Sen>"
2025-07-08T14:37:15.973 DBG "<Sen Type=\"ImFree\"> <EStr></EStr> <MoveType>0</MoveType> <RobotBase>1</RobotBase> <DeltaPos X=\"0\" Y=\"0\" Z=\"0\" A=\"0\" B=\"0\" C=\"0\"/> <Digout>0</Digout> <IPOC>1047494146</IPOC> </Sen>"
2025-07-08T14:37:15.975 DBG "<Sen Type=\"ImFree\"> <EStr></EStr> <MoveType>0</MoveType> <RobotBase>1</RobotBase> <DeltaPos X=\"0\" Y=\"0\" Z=\"0\" A=\"0\" B=\"0\" C=\"0\"/> <Digout>0</Digout> <IPOC>1047494150</IPOC> </Sen>"
2025-07-08T14:37:15.975 DBG "<Sen Type=\"ImFree\"> <EStr></EStr> <MoveType>0</MoveType> <RobotBase>1</RobotBase> <DeltaPos X=\"0\" Y=\"0\" Z=\"0\" A=\"0\" B=\"0\" C=\"0\"/> <Digout>0</Digout> <IPOC>1047494154</IPOC> </Sen>"
2025-07-08T14:37:15.976 DBG "<Sen Type=\"ImFree\"> <EStr></EStr> <MoveType>0</MoveType> <RobotBase>1</RobotBase> <DeltaPos X=\"0\" Y=\"0\" Z=\"0\" A=\"0\" B=\"0\" C=\"0\"/> <Digout>0</Digout> <IPOC>1047494158</IPOC> </Sen>"
2025-07-08T14:37:16.114 DBG "<Sen Type=\"ImFree\"> <EStr></EStr> <MoveType>0</MoveType> <RobotBase>1</RobotBase> <DeltaPos X=\"0\" Y=\"0\" Z=\"0\" A=\"0\" B=\"0\" C=\"0\"/> <Digout>0</Digout> <IPOC>1047494162</IPOC> </Sen>"
2025-07-08T14:37:16.115 DBG "<Sen Type=\"ImFree\"> <EStr></EStr> <MoveType>0</MoveType> <RobotBase>1</RobotBase> <DeltaPos X=\"0\" Y=\"0\" Z=\"0\" A=\"0\" B=\"0\" C=\"0\"/> <Digout>0</Digout> <IPOC>1047494166</IPOC> </Sen>"
2025-07-08T14:37:16.116 DBG "<Sen Type=\"ImFree\"> <EStr></EStr> <MoveType>0</MoveType> <RobotBase>1</RobotBase> <DeltaPos X=\"0\" Y=\"0\" Z=\"0\" A=\"0\" B=\"0\" C=\"0\"/> <Digout>0</Digout> <IPOC>1047494170</IPOC> </Sen>"
2025-07-08T14:37:16.117 DBG "<Sen Type=\"ImFree\"> <EStr></EStr> <MoveType>0</MoveType> <RobotBase>1</RobotBase> <DeltaPos X=\"0\" Y=\"0\" Z=\"0\" A=\"0\" B=\"0\" C=\"0\"/> <Digout>0</Digout> <IPOC>1047494174</IPOC> </Sen>"
2025-07-08T14:37:16.118 DBG "<Sen Type=\"ImFree\"> <EStr></EStr> <MoveType>0</MoveType> <RobotBase>1</RobotBase> <DeltaPos X=\"0\" Y=\"0\" Z=\"0\" A=\"0\" B=\"0\" C=\"0\"/> <Digout>0</Digout> <IPOC>1047494178</IPOC> </Sen>"
2025-07-08T14:37:16.119 DBG "<Sen Type=\"ImFree\"> <EStr></EStr> <MoveType>0</MoveType> <RobotBase>1</RobotBase> <DeltaPos X=\"0\" Y=\"0\" Z=\"0\" A=\"0\" B=\"0\" C=\"0\"/> <Digout>0</Digout> <IPOC>1047494182</IPOC> </Sen>"
2025-07-08T14:37:16.120 DBG "<Sen Type=\"ImFree\"> <EStr></EStr> <MoveType>0</MoveType> <RobotBase>1</RobotBase> <DeltaPos X=\"0\" Y=\"0\" Z=\"0\" A=\"0\" B=\"0\" C=\"0\"/> <Digout>0</Digout> <IPOC>1047494186</IPOC> </Sen>"
2025-07-08T14:37:16.120 DBG "<Sen Type=\"ImFree\"> <EStr></EStr> <MoveType>0</MoveType> <RobotBase>1</RobotBase> <DeltaPos X=\"0\" Y=\"0\" Z=\"0\" A=\"0\" B=\"0\" C=\"0\"/> <Digout>0</Digout> <IPOC>1047494190</IPOC> </Sen>"
2025-07-08T14:37:16.121 DBG "<Sen Type=\"ImFree\"> <EStr></EStr> <MoveType>0</MoveType> <RobotBase>1</RobotBase> <DeltaPos X=\"0\" Y=\"0\" Z=\"0\" A=\"0\" B=\"0\" C=\"0\"/> <Digout>0</Digout> <IPOC>1047494194</IPOC> </Sen>"
2025-07-08T14:37:16.122 DBG "<Sen Type=\"ImFree\"> <EStr></EStr> <MoveType>0</MoveType> <RobotBase>1</RobotBase> <DeltaPos X=\"0\" Y=\"0\" Z=\"0\" A=\"0\" B=\"0\" C=\"0\"/> <Digout>0</Digout> <IPOC>1047494198</IPOC> </Sen>"
2025-07-08T14:37:16.122 DBG "<Sen Type=\"ImFree\"> <EStr></EStr> <MoveType>0</MoveType> <RobotBase>1</RobotBase> <DeltaPos X=\"0\" Y=\"0\" Z=\"0\" A=\"0\" B=\"0\" C=\"0\"/> <Digout>0</Digout> <IPOC>1047494202</IPOC> </Sen>"
2025-07-08T14:37:16.123 DBG "<Sen Type=\"ImFree\"> <EStr></EStr> <MoveType>0</MoveType> <RobotBase>1</RobotBase> <DeltaPos X=\"0\" Y=\"0\" Z=\"0\" A=\"0\" B=\"0\" C=\"0\"/> <Digout>0</Digout> <IPOC>1047494206</IPOC> </Sen>"
2025-07-08T14:37:16.124 DBG "<Sen Type=\"ImFree\"> <EStr></EStr> <MoveType>0</MoveType> <RobotBase>1</RobotBase> <DeltaPos X=\"0\" Y=\"0\" Z=\"0\" A=\"0\" B=\"0\" C=\"0\"/> <Digout>0</Digout> <IPOC>1047494210</IPOC> </Sen>"
2025-07-08T14:37:16.125 DBG "<Sen Type=\"ImFree\"> <EStr></EStr> <MoveType>0</MoveType> <RobotBase>1</RobotBase> <DeltaPos X=\"0\" Y=\"0\" Z=\"0\" A=\"0\" B=\"0\" C=\"0\"/> <Digout>0</Digout> <IPOC>1047494214</IPOC> </Sen>"
2025-07-08T14:37:16.126 DBG "<Sen Type=\"ImFree\"> <EStr></EStr> <MoveType>0</MoveType> <RobotBase>1</RobotBase> <DeltaPos X=\"0\" Y=\"0\" Z=\"0\" A=\"0\" B=\"0\" C=\"0\"/> <Digout>0</Digout> <IPOC>1047494218</IPOC> </Sen>"
2025-07-08T14:37:16.126 DBG "<Sen Type=\"ImFree\"> <EStr></EStr> <MoveType>0</MoveType> <RobotBase>1</RobotBase> <DeltaPos X=\"0\" Y=\"0\" Z=\"0\" A=\"0\" B=\"0\" C=\"0\"/> <Digout>0</Digout> <IPOC>1047494222</IPOC> </Sen>"
2025-07-08T14:37:16.127 DBG "<Sen Type=\"ImFree\"> <EStr></EStr> <MoveType>0</MoveType> <RobotBase>1</RobotBase> <DeltaPos X=\"0\" Y=\"0\" Z=\"0\" A=\"0\" B=\"0\" C=\"0\"/> <Digout>0</Digout> <IPOC>1047494226</IPOC> </Sen>"
2025-07-08T14:37:16.128 DBG "<Sen Type=\"ImFree\"> <EStr></EStr> <MoveType>0</MoveType> <RobotBase>1</RobotBase> <DeltaPos X=\"0\" Y=\"0\" Z=\"0\" A=\"0\" B=\"0\" C=\"0\"/> <Digout>0</Digout> <IPOC>1047494230</IPOC> </Sen>"
2025-07-08T14:37:16.128 DBG "<Sen Type=\"ImFree\"> <EStr></EStr> <MoveType>0</MoveType> <RobotBase>1</RobotBase> <DeltaPos X=\"0\" Y=\"0\" Z=\"0\" A=\"0\" B=\"0\" C=\"0\"/> <Digout>0</Digout> <IPOC>1047494234</IPOC> </Sen>"
2025-07-08T14:37:16.129 DBG "<Sen Type=\"ImFree\"> <EStr></EStr> <MoveType>0</MoveType> <RobotBase>1</RobotBase> <DeltaPos X=\"0\" Y=\"0\" Z=\"0\" A=\"0\" B=\"0\" C=\"0\"/> <Digout>0</Digout> <IPOC>1047494238</IPOC> </Sen>"
2025-07-08T14:37:16.130 DBG "<Sen Type=\"ImFree\"> <EStr></EStr> <MoveType>0</MoveType> <RobotBase>1</RobotBase> <DeltaPos X=\"0\" Y=\"0\" Z=\"0\" A=\"0\" B=\"0\" C=\"0\"/> <Digout>0</Digout> <IPOC>1047494242</IPOC> </Sen>"
2025-07-08T14:37:16.131 DBG "<Sen Type=\"ImFree\"> <EStr></EStr> <MoveType>0</MoveType> <RobotBase>1</RobotBase> <DeltaPos X=\"0\" Y=\"0\" Z=\"0\" A=\"0\" B=\"0\" C=\"0\"/> <Digout>0</Digout> <IPOC>1047494246</IPOC> </Sen>"
2025-07-08T14:37:16.132 DBG "<Sen Type=\"ImFree\"> <EStr></EStr> <MoveType>0</MoveType> <RobotBase>1</RobotBase> <DeltaPos X=\"0\" Y=\"0\" Z=\"0\" A=\"0\" B=\"0\" C=\"0\"/> <Digout>0</Digout> <IPOC>1047494250</IPOC> </Sen>"
2025-07-08T14:37:16.133 DBG "<Sen Type=\"ImFree\"> <EStr></EStr> <MoveType>0</MoveType> <RobotBase>1</RobotBase> <DeltaPos X=\"0\" Y=\"0\" Z=\"0\" A=\"0\" B=\"0\" C=\"0\"/> <Digout>0</Digout> <IPOC>1047494254</IPOC> </Sen>"
2025-07-08T14:37:16.133 DBG "<Sen Type=\"ImFree\"> <EStr></EStr> <MoveType>0</MoveType> <RobotBase>1</RobotBase> <DeltaPos X=\"0\" Y=\"0\" Z=\"0\" A=\"0\" B=\"0\" C=\"0\"/> <Digout>0</Digout> <IPOC>1047494258</IPOC> </Sen>"
2025-07-08T14:37:16.135 DBG "<Sen Type=\"ImFree\"> <EStr></EStr> <MoveType>0</MoveType> <RobotBase>1</RobotBase> <DeltaPos X=\"0\" Y=\"0\" Z=\"0\" A=\"0\" B=\"0\" C=\"0\"/> <Digout>0</Digout> <IPOC>1047494262</IPOC> </Sen>"
2025-07-08T14:37:16.135 DBG "<Sen Type=\"ImFree\"> <EStr></EStr> <MoveType>0</MoveType> <RobotBase>1</RobotBase> <DeltaPos X=\"0\" Y=\"0\" Z=\"0\" A=\"0\" B=\"0\" C=\"0\"/> <Digout>0</Digout> <IPOC>1047494266</IPOC> </Sen>"
2025-07-08T14:37:16.136 DBG "<Sen Type=\"ImFree\"> <EStr></EStr> <MoveType>0</MoveType> <RobotBase>1</RobotBase> <DeltaPos X=\"0\" Y=\"0\" Z=\"0\" A=\"0\" B=\"0\" C=\"0\"/> <Digout>0</Digout> <IPOC>1047494270</IPOC> </Sen>"
2025-07-08T14:37:16.137 DBG "<Sen Type=\"ImFree\"> <EStr></EStr> <MoveType>0</MoveType> <RobotBase>1</RobotBase> <DeltaPos X=\"0\" Y=\"0\" Z=\"0\" A=\"0\" B=\"0\" C=\"0\"/> <Digout>0</Digout> <IPOC>1047494274</IPOC> </Sen>"
2025-07-08T14:37:16.138 DBG "<Sen Type=\"ImFree\"> <EStr></EStr> <MoveType>0</MoveType> <RobotBase>1</RobotBase> <DeltaPos X=\"0\" Y=\"0\" Z=\"0\" A=\"0\" B=\"0\" C=\"0\"/> <Digout>0</Digout> <IPOC>1047494278</IPOC> </Sen>"
2025-07-08T14:37:16.138 DBG "<Sen Type=\"ImFree\"> <EStr></EStr> <MoveType>0</MoveType> <RobotBase>1</RobotBase> <DeltaPos X=\"0\" Y=\"0\" Z=\"0\" A=\"0\" B=\"0\" C=\"0\"/> <Digout>0</Digout> <IPOC>1047494282</IPOC> </Sen>"
2025-07-08T14:37:16.139 DBG "<Sen Type=\"ImFree\"> <EStr></EStr> <MoveType>0</MoveType> <RobotBase>1</RobotBase> <DeltaPos X=\"0\" Y=\"0\" Z=\"0\" A=\"0\" B=\"0\" C=\"0\"/> <Digout>0</Digout> <IPOC>1047494286</IPOC> </Sen>"
2025-07-08T14:37:16.140 DBG "<Sen Type=\"ImFree\"> <EStr></EStr> <MoveType>0</MoveType> <RobotBase>1</RobotBase> <DeltaPos X=\"0\" Y=\"0\" Z=\"0\" A=\"0\" B=\"0\" C=\"0\"/> <Digout>0</Digout> <IPOC>1047494290</IPOC> </Sen>"
2025-07-08T14:37:16.140 DBG "<Sen Type=\"ImFree\"> <EStr></EStr> <MoveType>0</MoveType> <RobotBase>1</RobotBase> <DeltaPos X=\"0\" Y=\"0\" Z=\"0\" A=\"0\" B=\"0\" C=\"0\"/> <Digout>0</Digout> <IPOC>1047494294</IPOC> </Sen>"
2025-07-08T14:37:16.141 DBG "<Sen Type=\"ImFree\"> <EStr></EStr> <MoveType>0</MoveType> <RobotBase>1</RobotBase> <DeltaPos X=\"0\" Y=\"0\" Z=\"0\" A=\"0\" B=\"0\" C=\"0\"/> <Digout>0</Digout> <IPOC>1047494298</IPOC> </Sen>"
2025-07-08T14:37:16.142 DBG "<Sen Type=\"ImFree\"> <EStr></EStr> <MoveType>0</MoveType> <RobotBase>1</RobotBase> <DeltaPos X=\"0\" Y=\"0\" Z=\"0\" A=\"0\" B=\"0\" C=\"0\"/> <Digout>0</Digout> <IPOC>1047494302</IPOC> </Sen>"
2025-07-08T14:37:16.142 DBG "<Sen Type=\"ImFree\"> <EStr></EStr> <MoveType>0</MoveType> <RobotBase>1</RobotBase> <DeltaPos X=\"0\" Y=\"0\" Z=\"0\" A=\"0\" B=\"0\" C=\"0\"/> <Digout>0</Digout> <IPOC>1047494306</IPOC> </Sen>"
2025-07-08T14:37:16.143 DBG "<Sen Type=\"ImFree\"> <EStr></EStr> <MoveType>0</MoveType> <RobotBase>1</RobotBase> <DeltaPos X=\"0\" Y=\"0\" Z=\"0\" A=\"0\" B=\"0\" C=\"0\"/> <Digout>0</Digout> <IPOC>1047494310</IPOC> </Sen>"
2025-07-08T14:37:16.144 DBG "<Sen Type=\"ImFree\"> <EStr></EStr> <MoveType>0</MoveType> <RobotBase>1</RobotBase> <DeltaPos X=\"0\" Y=\"0\" Z=\"0\" A=\"0\" B=\"0\" C=\"0\"/> <Digout>0</Digout> <IPOC>1047494314</IPOC> </Sen>"
2025-07-08T14:37:16.145 DBG "<Sen Type=\"ImFree\"> <EStr></EStr> <MoveType>0</MoveType> <RobotBase>1</RobotBase> <DeltaPos X=\"0\" Y=\"0\" Z=\"0\" A=\"0\" B=\"0\" C=\"0\"/> <Digout>0</Digout> <IPOC>1047494318</IPOC> </Sen>"
2025-07-08T14:37:16.145 DBG "<Sen Type=\"ImFree\"> <EStr></EStr> <MoveType>0</MoveType> <RobotBase>1</RobotBase> <DeltaPos X=\"0\" Y=\"0\" Z=\"0\" A=\"0\" B=\"0\" C=\"0\"/> <Digout>0</Digout> <IPOC>1047494322</IPOC> </Sen>"
2025-07-08T14:37:16.145 DBG "<Sen Type=\"ImFree\"> <EStr></EStr> <MoveType>0</MoveType> <RobotBase>1</RobotBase> <DeltaPos X=\"0\" Y=\"0\" Z=\"0\" A=\"0\" B=\"0\" C=\"0\"/> <Digout>0</Digout> <IPOC>1047494326</IPOC> </Sen>"
2025-07-08T14:37:16.147 DBG "<Sen Type=\"ImFree\"> <EStr></EStr> <MoveType>0</MoveType> <RobotBase>1</RobotBase> <DeltaPos X=\"0\" Y=\"0\" Z=\"0\" A=\"0\" B=\"0\" C=\"0\"/> <Digout>0</Digout> <IPOC>1047494330</IPOC> </Sen>"
2025-07-08T14:37:16.308 DBG "<Sen Type=\"ImFree\"> <EStr></EStr> <MoveType>0</MoveType> <RobotBase>1</RobotBase> <DeltaPos X=\"0\" Y=\"0\" Z=\"0\" A=\"0\" B=\"0\" C=\"0\"/> <Digout>0</Digout> <IPOC>1047494334</IPOC> </Sen>"
2025-07-08T14:37:16.309 DBG "<Sen Type=\"ImFree\"> <EStr></EStr> <MoveType>0</MoveType> <RobotBase>1</RobotBase> <DeltaPos X=\"0\" Y=\"0\" Z=\"0\" A=\"0\" B=\"0\" C=\"0\"/> <Digout>0</Digout> <IPOC>1047494338</IPOC> </Sen>"
2025-07-08T14:37:16.310 DBG "<Sen Type=\"ImFree\"> <EStr></EStr> <MoveType>0</MoveType> <RobotBase>1</RobotBase> <DeltaPos X=\"0\" Y=\"0\" Z=\"0\" A=\"0\" B=\"0\" C=\"0\"/> <Digout>0</Digout> <IPOC>1047494342</IPOC> </Sen>"
2025-07-08T14:37:16.311 DBG "<Sen Type=\"ImFree\"> <EStr></EStr> <MoveType>0</MoveType> <RobotBase>1</RobotBase> <DeltaPos X=\"0\" Y=\"0\" Z=\"0\" A=\"0\" B=\"0\" C=\"0\"/> <Digout>0</Digout> <IPOC>1047494346</IPOC> </Sen>"
2025-07-08T14:37:16.311 DBG "<Sen Type=\"ImFree\"> <EStr></EStr> <MoveType>0</MoveType> <RobotBase>1</RobotBase> <DeltaPos X=\"0\" Y=\"0\" Z=\"0\" A=\"0\" B=\"0\" C=\"0\"/> <Digout>0</Digout> <IPOC>1047494350</IPOC> </Sen>"
2025-07-08T14:37:16.312 DBG "<Sen Type=\"ImFree\"> <EStr></EStr> <MoveType>0</MoveType> <RobotBase>1</RobotBase> <DeltaPos X=\"0\" Y=\"0\" Z=\"0\" A=\"0\" B=\"0\" C=\"0\"/> <Digout>0</Digout> <IPOC>1047494354</IPOC> </Sen>"
2025-07-08T14:37:16.313 DBG "<Sen Type=\"ImFree\"> <EStr></EStr> <MoveType>0</MoveType> <RobotBase>1</RobotBase> <DeltaPos X=\"0\" Y=\"0\" Z=\"0\" A=\"0\" B=\"0\" C=\"0\"/> <Digout>0</Digout> <IPOC>1047494358</IPOC> </Sen>"
2025-07-08T14:37:16.313 DBG "<Sen Type=\"ImFree\"> <EStr></EStr> <MoveType>0</MoveType> <RobotBase>1</RobotBase> <DeltaPos X=\"0\" Y=\"0\" Z=\"0\" A=\"0\" B=\"0\" C=\"0\"/> <Digout>0</Digout> <IPOC>1047494362</IPOC> </Sen>"
2025-07-08T14:37:16.314 DBG "<Sen Type=\"ImFree\"> <EStr></EStr> <MoveType>0</MoveType> <RobotBase>1</RobotBase> <DeltaPos X=\"0\" Y=\"0\" Z=\"0\" A=\"0\" B=\"0\" C=\"0\"/> <Digout>0</Digout> <IPOC>1047494366</IPOC> </Sen>"
2025-07-08T14:37:16.315 DBG "<Sen Type=\"ImFree\"> <EStr></EStr> <MoveType>0</MoveType> <RobotBase>1</RobotBase> <DeltaPos X=\"0\" Y=\"0\" Z=\"0\" A=\"0\" B=\"0\" C=\"0\"/> <Digout>0</Digout> <IPOC>1047494370</IPOC> </Sen>"
2025-07-08T14:37:16.315 DBG "<Sen Type=\"ImFree\"> <EStr></EStr> <MoveType>0</MoveType> <RobotBase>1</RobotBase> <DeltaPos X=\"0\" Y=\"0\" Z=\"0\" A=\"0\" B=\"0\" C=\"0\"/> <Digout>0</Digout> <IPOC>1047494374</IPOC> </Sen>"
2025-07-08T14:37:16.316 DBG "<Sen Type=\"ImFree\"> <EStr></EStr> <MoveType>0</MoveType> <RobotBase>1</RobotBase> <DeltaPos X=\"0\" Y=\"0\" Z=\"0\" A=\"0\" B=\"0\" C=\"0\"/> <Digout>0</Digout> <IPOC>1047494378</IPOC> </Sen>"
2025-07-08T14:37:16.316 DBG "<Sen Type=\"ImFree\"> <EStr></EStr> <MoveType>0</MoveType> <RobotBase>1</RobotBase> <DeltaPos X=\"0\" Y=\"0\" Z=\"0\" A=\"0\" B=\"0\" C=\"0\"/> <Digout>0</Digout> <IPOC>1047494382</IPOC> </Sen>"
2025-07-08T14:37:16.317 DBG "<Sen Type=\"ImFree\"> <EStr></EStr> <MoveType>0</MoveType> <RobotBase>1</RobotBase> <DeltaPos X=\"0\" Y=\"0\" Z=\"0\" A=\"0\" B=\"0\" C=\"0\"/> <Digout>0</Digout> <IPOC>1047494386</IPOC> </Sen>"
2025-07-08T14:37:16.317 DBG "<Sen Type=\"ImFree\"> <EStr></EStr> <MoveType>0</MoveType> <RobotBase>1</RobotBase> <DeltaPos X=\"0\" Y=\"0\" Z=\"0\" A=\"0\" B=\"0\" C=\"0\"/> <Digout>0</Digout> <IPOC>1047494390</IPOC> </Sen>"
2025-07-08T14:37:16.317 DBG "<Sen Type=\"ImFree\"> <EStr></EStr> <MoveType>0</MoveType> <RobotBase>1</RobotBase> <DeltaPos X=\"0\" Y=\"0\" Z=\"0\" A=\"0\" B=\"0\" C=\"0\"/> <Digout>0</Digout> <IPOC>1047494394</IPOC> </Sen>"
2025-07-08T14:37:16.318 DBG "<Sen Type=\"ImFree\"> <EStr></EStr> <MoveType>0</MoveType> <RobotBase>1</RobotBase> <DeltaPos X=\"0\" Y=\"0\" Z=\"0\" A=\"0\" B=\"0\" C=\"0\"/> <Digout>0</Digout> <IPOC>1047494398</IPOC> </Sen>"
2025-07-08T14:37:16.319 DBG "<Sen Type=\"ImFree\"> <EStr></EStr> <MoveType>0</MoveType> <RobotBase>1</RobotBase> <DeltaPos X=\"0\" Y=\"0\" Z=\"0\" A=\"0\" B=\"0\" C=\"0\"/> <Digout>0</Digout> <IPOC>1047494402</IPOC> </Sen>"
2025-07-08T14:37:16.320 DBG "<Sen Type=\"ImFree\"> <EStr></EStr> <MoveType>0</MoveType> <RobotBase>1</RobotBase> <DeltaPos X=\"0\" Y=\"0\" Z=\"0\" A=\"0\" B=\"0\" C=\"0\"/> <Digout>0</Digout> <IPOC>1047494406</IPOC> </Sen>"
2025-07-08T14:37:16.321 DBG "<Sen Type=\"ImFree\"> <EStr></EStr> <MoveType>0</MoveType> <RobotBase>1</RobotBase> <DeltaPos X=\"0\" Y=\"0\" Z=\"0\" A=\"0\" B=\"0\" C=\"0\"/> <Digout>0</Digout> <IPOC>1047494410</IPOC> </Sen>"
2025-07-08T14:37:16.321 DBG "<Sen Type=\"ImFree\"> <EStr></EStr> <MoveType>0</MoveType> <RobotBase>1</RobotBase> <DeltaPos X=\"0\" Y=\"0\" Z=\"0\" A=\"0\" B=\"0\" C=\"0\"/> <Digout>0</Digout> <IPOC>1047494414</IPOC> </Sen>"
2025-07-08T14:37:16.322 DBG "<Sen Type=\"ImFree\"> <EStr></EStr> <MoveType>0</MoveType> <RobotBase>1</RobotBase> <DeltaPos X=\"0\" Y=\"0\" Z=\"0\" A=\"0\" B=\"0\" C=\"0\"/> <Digout>0</Digout> <IPOC>1047494418</IPOC> </Sen>"
2025-07-08T14:37:16.323 DBG "<Sen Type=\"ImFree\"> <EStr></EStr> <MoveType>0</MoveType> <RobotBase>1</RobotBase> <DeltaPos X=\"0\" Y=\"0\" Z=\"0\" A=\"0\" B=\"0\" C=\"0\"/> <Digout>0</Digout> <IPOC>1047494422</IPOC> </Sen>"
2025-07-08T14:37:16.323 DBG "<Sen Type=\"ImFree\"> <EStr></EStr> <MoveType>0</MoveType> <RobotBase>1</RobotBase> <DeltaPos X=\"0\" Y=\"0\" Z=\"0\" A=\"0\" B=\"0\" C=\"0\"/> <Digout>0</Digout> <IPOC>1047494426</IPOC> </Sen>"
2025-07-08T14:37:16.324 DBG "<Sen Type=\"ImFree\"> <EStr></EStr> <MoveType>0</MoveType> <RobotBase>1</RobotBase> <DeltaPos X=\"0\" Y=\"0\" Z=\"0\" A=\"0\" B=\"0\" C=\"0\"/> <Digout>0</Digout> <IPOC>1047494430</IPOC> </Sen>"
2025-07-08T14:37:16.324 DBG "<Sen Type=\"ImFree\"> <EStr></EStr> <MoveType>0</MoveType> <RobotBase>1</RobotBase> <DeltaPos X=\"0\" Y=\"0\" Z=\"0\" A=\"0\" B=\"0\" C=\"0\"/> <Digout>0</Digout> <IPOC>1047494434</IPOC> </Sen>"
2025-07-08T14:37:16.325 DBG "<Sen Type=\"ImFree\"> <EStr></EStr> <MoveType>0</MoveType> <RobotBase>1</RobotBase> <DeltaPos X=\"0\" Y=\"0\" Z=\"0\" A=\"0\" B=\"0\" C=\"0\"/> <Digout>0</Digout> <IPOC>1047494438</IPOC> </Sen>"
2025-07-08T14:37:16.325 DBG "<Sen Type=\"ImFree\"> <EStr></EStr> <MoveType>0</MoveType> <RobotBase>1</RobotBase> <DeltaPos X=\"0\" Y=\"0\" Z=\"0\" A=\"0\" B=\"0\" C=\"0\"/> <Digout>0</Digout> <IPOC>1047494442</IPOC> </Sen>"
2025-07-08T14:37:16.325 DBG "<Sen Type=\"ImFree\"> <EStr></EStr> <MoveType>0</MoveType> <RobotBase>1</RobotBase> <DeltaPos X=\"0\" Y=\"0\" Z=\"0\" A=\"0\" B=\"0\" C=\"0\"/> <Digout>0</Digout> <IPOC>1047494446</IPOC> </Sen>"
2025-07-08T14:37:16.326 DBG "<Sen Type=\"ImFree\"> <EStr></EStr> <MoveType>0</MoveType> <RobotBase>1</RobotBase> <DeltaPos X=\"0\" Y=\"0\" Z=\"0\" A=\"0\" B=\"0\" C=\"0\"/> <Digout>0</Digout> <IPOC>1047494450</IPOC> </Sen>"
2025-07-08T14:37:16.326 DBG "<Sen Type=\"ImFree\"> <EStr></EStr> <MoveType>0</MoveType> <RobotBase>1</RobotBase> <DeltaPos X=\"0\" Y=\"0\" Z=\"0\" A=\"0\" B=\"0\" C=\"0\"/> <Digout>0</Digout> <IPOC>1047494454</IPOC> </Sen>"
2025-07-08T14:37:16.327 DBG "<Sen Type=\"ImFree\"> <EStr></EStr> <MoveType>0</MoveType> <RobotBase>1</RobotBase> <DeltaPos X=\"0\" Y=\"0\" Z=\"0\" A=\"0\" B=\"0\" C=\"0\"/> <Digout>0</Digout> <IPOC>1047494458</IPOC> </Sen>"
2025-07-08T14:37:16.327 DBG "<Sen Type=\"ImFree\"> <EStr></EStr> <MoveType>0</MoveType> <RobotBase>1</RobotBase> <DeltaPos X=\"0\" Y=\"0\" Z=\"0\" A=\"0\" B=\"0\" C=\"0\"/> <Digout>0</Digout> <IPOC>1047494462</IPOC> </Sen>"
2025-07-08T14:37:16.328 DBG "<Sen Type=\"ImFree\"> <EStr></EStr> <MoveType>0</MoveType> <RobotBase>1</RobotBase> <DeltaPos X=\"0\" Y=\"0\" Z=\"0\" A=\"0\" B=\"0\" C=\"0\"/> <Digout>0</Digout> <IPOC>1047494466</IPOC> </Sen>"
2025-07-08T14:37:16.329 DBG "<Sen Type=\"ImFree\"> <EStr></EStr> <MoveType>0</MoveType> <RobotBase>1</RobotBase> <DeltaPos X=\"0\" Y=\"0\" Z=\"0\" A=\"0\" B=\"0\" C=\"0\"/> <Digout>0</Digout> <IPOC>1047494470</IPOC> </Sen>"
2025-07-08T14:37:16.329 DBG "<Sen Type=\"ImFree\"> <EStr></EStr> <MoveType>0</MoveType> <RobotBase>1</RobotBase> <DeltaPos X=\"0\" Y=\"0\" Z=\"0\" A=\"0\" B=\"0\" C=\"0\"/> <Digout>0</Digout> <IPOC>1047494474</IPOC> </Sen>"
2025-07-08T14:37:16.330 DBG "<Sen Type=\"ImFree\"> <EStr></EStr> <MoveType>0</MoveType> <RobotBase>1</RobotBase> <DeltaPos X=\"0\" Y=\"0\" Z=\"0\" A=\"0\" B=\"0\" C=\"0\"/> <Digout>0</Digout> <IPOC>1047494478</IPOC> </Sen>"
2025-07-08T14:37:16.330 DBG "<Sen Type=\"ImFree\"> <EStr></EStr> <MoveType>0</MoveType> <RobotBase>1</RobotBase> <DeltaPos X=\"0\" Y=\"0\" Z=\"0\" A=\"0\" B=\"0\" C=\"0\"/> <Digout>0</Digout> <IPOC>1047494482</IPOC> </Sen>"
2025-07-08T14:37:16.330 DBG "<Sen Type=\"ImFree\"> <EStr></EStr> <MoveType>0</MoveType> <RobotBase>1</RobotBase> <DeltaPos X=\"0\" Y=\"0\" Z=\"0\" A=\"0\" B=\"0\" C=\"0\"/> <Digout>0</Digout> <IPOC>1047494486</IPOC> </Sen>"
2025-07-08T14:37:16.331 DBG "<Sen Type=\"ImFree\"> <EStr></EStr> <MoveType>0</MoveType> <RobotBase>1</RobotBase> <DeltaPos X=\"0\" Y=\"0\" Z=\"0\" A=\"0\" B=\"0\" C=\"0\"/> <Digout>0</Digout> <IPOC>1047494490</IPOC> </Sen>"
2025-07-08T14:37:16.332 DBG "<Sen Type=\"ImFree\"> <EStr></EStr> <MoveType>0</MoveType> <RobotBase>1</RobotBase> <DeltaPos X=\"0\" Y=\"0\" Z=\"0\" A=\"0\" B=\"0\" C=\"0\"/> <Digout>0</Digout> <IPOC>1047494494</IPOC> </Sen>"
2025-07-08T14:37:16.332 DBG "<Sen Type=\"ImFree\"> <EStr></EStr> <MoveType>0</MoveType> <RobotBase>1</RobotBase> <DeltaPos X=\"0\" Y=\"0\" Z=\"0\" A=\"0\" B=\"0\" C=\"0\"/> <Digout>0</Digout> <IPOC>1047494498</IPOC> </Sen>"
2025-07-08T14:37:16.333 DBG "<Sen Type=\"ImFree\"> <EStr></EStr> <MoveType>0</MoveType> <RobotBase>1</RobotBase> <DeltaPos X=\"0\" Y=\"0\" Z=\"0\" A=\"0\" B=\"0\" C=\"0\"/> <Digout>0</Digout> <IPOC>1047494502</IPOC> </Sen>"
2025-07-08T14:37:16.334 DBG "<Sen Type=\"ImFree\"> <EStr></EStr> <MoveType>0</MoveType> <RobotBase>1</RobotBase> <DeltaPos X=\"0\" Y=\"0\" Z=\"0\" A=\"0\" B=\"0\" C=\"0\"/> <Digout>0</Digout> <IPOC>1047494506</IPOC> </Sen>"
2025-07-08T14:37:16.335 DBG "<Sen Type=\"ImFree\"> <EStr></EStr> <MoveType>0</MoveType> <RobotBase>1</RobotBase> <DeltaPos X=\"0\" Y=\"0\" Z=\"0\" A=\"0\" B=\"0\" C=\"0\"/> <Digout>0</Digout> <IPOC>1047494510</IPOC> </Sen>"
2025-07-08T14:37:16.336 DBG "<Sen Type=\"ImFree\"> <EStr></EStr> <MoveType>0</MoveType> <RobotBase>1</RobotBase> <DeltaPos X=\"0\" Y=\"0\" Z=\"0\" A=\"0\" B=\"0\" C=\"0\"/> <Digout>0</Digout> <IPOC>1047494514</IPOC> </Sen>"
2025-07-08T14:37:16.336 DBG "<Sen Type=\"ImFree\"> <EStr></EStr> <MoveType>0</MoveType> <RobotBase>1</RobotBase> <DeltaPos X=\"0\" Y=\"0\" Z=\"0\" A=\"0\" B=\"0\" C=\"0\"/> <Digout>0</Digout> <IPOC>1047494518</IPOC> </Sen>"
2025-07-08T14:37:16.576 DBG "<Sen Type=\"ImFree\"> <EStr></EStr> <MoveType>0</MoveType> <RobotBase>1</RobotBase> <DeltaPos X=\"0\" Y=\"0\" Z=\"0\" A=\"0\" B=\"0\" C=\"0\"/> <Digout>0</Digout> <IPOC>1047494522</IPOC> </Sen>"
2025-07-08T14:37:16.576 DBG "<Sen Type=\"ImFree\"> <EStr></EStr> <MoveType>0</MoveType> <RobotBase>1</RobotBase> <DeltaPos X=\"0\" Y=\"0\" Z=\"0\" A=\"0\" B=\"0\" C=\"0\"/> <Digout>0</Digout> <IPOC>1047494526</IPOC> </Sen>"
2025-07-08T14:37:16.577 DBG "<Sen Type=\"ImFree\"> <EStr></EStr> <MoveType>0</MoveType> <RobotBase>1</RobotBase> <DeltaPos X=\"0\" Y=\"0\" Z=\"0\" A=\"0\" B=\"0\" C=\"0\"/> <Digout>0</Digout> <IPOC>1047494530</IPOC> </Sen>"
2025-07-08T14:37:16.577 DBG "<Sen Type=\"ImFree\"> <EStr></EStr> <MoveType>0</MoveType> <RobotBase>1</RobotBase> <DeltaPos X=\"0\" Y=\"0\" Z=\"0\" A=\"0\" B=\"0\" C=\"0\"/> <Digout>0</Digout> <IPOC>1047494534</IPOC> </Sen>"
2025-07-08T14:37:16.577 DBG "<Sen Type=\"ImFree\"> <EStr></EStr> <MoveType>0</MoveType> <RobotBase>1</RobotBase> <DeltaPos X=\"0\" Y=\"0\" Z=\"0\" A=\"0\" B=\"0\" C=\"0\"/> <Digout>0</Digout> <IPOC>1047494538</IPOC> </Sen>"
2025-07-08T14:37:16.578 DBG "<Sen Type=\"ImFree\"> <EStr></EStr> <MoveType>0</MoveType> <RobotBase>1</RobotBase> <DeltaPos X=\"0\" Y=\"0\" Z=\"0\" A=\"0\" B=\"0\" C=\"0\"/> <Digout>0</Digout> <IPOC>1047494542</IPOC> </Sen>"
2025-07-08T14:37:16.579 DBG "<Sen Type=\"ImFree\"> <EStr></EStr> <MoveType>0</MoveType> <RobotBase>1</RobotBase> <DeltaPos X=\"0\" Y=\"0\" Z=\"0\" A=\"0\" B=\"0\" C=\"0\"/> <Digout>0</Digout> <IPOC>1047494546</IPOC> </Sen>"
2025-07-08T14:37:16.579 DBG "<Sen Type=\"ImFree\"> <EStr></EStr> <MoveType>0</MoveType> <RobotBase>1</RobotBase> <DeltaPos X=\"0\" Y=\"0\" Z=\"0\" A=\"0\" B=\"0\" C=\"0\"/> <Digout>0</Digout> <IPOC>1047494550</IPOC> </Sen>"
2025-07-08T14:37:16.579 DBG "<Sen Type=\"ImFree\"> <EStr></EStr> <MoveType>0</MoveType> <RobotBase>1</RobotBase> <DeltaPos X=\"0\" Y=\"0\" Z=\"0\" A=\"0\" B=\"0\" C=\"0\"/> <Digout>0</Digout> <IPOC>1047494554</IPOC> </Sen>"
2025-07-08T14:37:16.580 DBG "<Sen Type=\"ImFree\"> <EStr></EStr> <MoveType>0</MoveType> <RobotBase>1</RobotBase> <DeltaPos X=\"0\" Y=\"0\" Z=\"0\" A=\"0\" B=\"0\" C=\"0\"/> <Digout>0</Digout> <IPOC>1047494558</IPOC> </Sen>"
2025-07-08T14:37:16.580 DBG "<Sen Type=\"ImFree\"> <EStr></EStr> <MoveType>0</MoveType> <RobotBase>1</RobotBase> <DeltaPos X=\"0\" Y=\"0\" Z=\"0\" A=\"0\" B=\"0\" C=\"0\"/> <Digout>0</Digout> <IPOC>1047494562</IPOC> </Sen>"
2025-07-08T14:37:16.580 DBG "<Sen Type=\"ImFree\"> <EStr></EStr> <MoveType>0</MoveType> <RobotBase>1</RobotBase> <DeltaPos X=\"0\" Y=\"0\" Z=\"0\" A=\"0\" B=\"0\" C=\"0\"/> <Digout>0</Digout> <IPOC>1047494566</IPOC> </Sen>"
2025-07-08T14:37:16.581 DBG "<Sen Type=\"ImFree\"> <EStr></EStr> <MoveType>0</MoveType> <RobotBase>1</RobotBase> <DeltaPos X=\"0\" Y=\"0\" Z=\"0\" A=\"0\" B=\"0\" C=\"0\"/> <Digout>0</Digout> <IPOC>1047494570</IPOC> </Sen>"
2025-07-08T14:37:16.582 DBG "<Sen Type=\"ImFree\"> <EStr></EStr> <MoveType>0</MoveType> <RobotBase>1</RobotBase> <DeltaPos X=\"0\" Y=\"0\" Z=\"0\" A=\"0\" B=\"0\" C=\"0\"/> <Digout>0</Digout> <IPOC>1047494574</IPOC> </Sen>"
2025-07-08T14:37:16.582 DBG "<Sen Type=\"ImFree\"> <EStr></EStr> <MoveType>0</MoveType> <RobotBase>1</RobotBase> <DeltaPos X=\"0\" Y=\"0\" Z=\"0\" A=\"0\" B=\"0\" C=\"0\"/> <Digout>0</Digout> <IPOC>1047494578</IPOC> </Sen>"
2025-07-08T14:37:16.583 DBG "<Sen Type=\"ImFree\"> <EStr></EStr> <MoveType>0</MoveType> <RobotBase>1</RobotBase> <DeltaPos X=\"0\" Y=\"0\" Z=\"0\" A=\"0\" B=\"0\" C=\"0\"/> <Digout>0</Digout> <IPOC>1047494582</IPOC> </Sen>"
2025-07-08T14:37:16.583 DBG "<Sen Type=\"ImFree\"> <EStr></EStr> <MoveType>0</MoveType> <RobotBase>1</RobotBase> <DeltaPos X=\"0\" Y=\"0\" Z=\"0\" A=\"0\" B=\"0\" C=\"0\"/> <Digout>0</Digout> <IPOC>1047494586</IPOC> </Sen>"
2025-07-08T14:37:16.584 DBG "<Sen Type=\"ImFree\"> <EStr></EStr> <MoveType>0</MoveType> <RobotBase>1</RobotBase> <DeltaPos X=\"0\" Y=\"0\" Z=\"0\" A=\"0\" B=\"0\" C=\"0\"/> <Digout>0</Digout> <IPOC>1047494590</IPOC> </Sen>"
2025-07-08T14:37:16.585 DBG "<Sen Type=\"ImFree\"> <EStr></EStr> <MoveType>0</MoveType> <RobotBase>1</RobotBase> <DeltaPos X=\"0\" Y=\"0\" Z=\"0\" A=\"0\" B=\"0\" C=\"0\"/> <Digout>0</Digout> <IPOC>1047494594</IPOC> </Sen>"
2025-07-08T14:37:16.586 DBG "<Sen Type=\"ImFree\"> <EStr></EStr> <MoveType>0</MoveType> <RobotBase>1</RobotBase> <DeltaPos X=\"0\" Y=\"0\" Z=\"0\" A=\"0\" B=\"0\" C=\"0\"/> <Digout>0</Digout> <IPOC>1047494598</IPOC> </Sen>"
2025-07-08T14:37:16.587 DBG "<Sen Type=\"ImFree\"> <EStr></EStr> <MoveType>0</MoveType> <RobotBase>1</RobotBase> <DeltaPos X=\"0\" Y=\"0\" Z=\"0\" A=\"0\" B=\"0\" C=\"0\"/> <Digout>0</Digout> <IPOC>1047494602</IPOC> </Sen>"
2025-07-08T14:37:16.587 DBG "<Sen Type=\"ImFree\"> <EStr></EStr> <MoveType>0</MoveType> <RobotBase>1</RobotBase> <DeltaPos X=\"0\" Y=\"0\" Z=\"0\" A=\"0\" B=\"0\" C=\"0\"/> <Digout>0</Digout> <IPOC>1047494606</IPOC> </Sen>"
2025-07-08T14:37:16.588 DBG "<Sen Type=\"ImFree\"> <EStr></EStr> <MoveType>0</MoveType> <RobotBase>1</RobotBase> <DeltaPos X=\"0\" Y=\"0\" Z=\"0\" A=\"0\" B=\"0\" C=\"0\"/> <Digout>0</Digout> <IPOC>1047494610</IPOC> </Sen>"
2025-07-08T14:37:16.589 DBG "<Sen Type=\"ImFree\"> <EStr></EStr> <MoveType>0</MoveType> <RobotBase>1</RobotBase> <DeltaPos X=\"0\" Y=\"0\" Z=\"0\" A=\"0\" B=\"0\" C=\"0\"/> <Digout>0</Digout> <IPOC>1047494614</IPOC> </Sen>"
2025-07-08T14:37:16.589 DBG "<Sen Type=\"ImFree\"> <EStr></EStr> <MoveType>0</MoveType> <RobotBase>1</RobotBase> <DeltaPos X=\"0\" Y=\"0\" Z=\"0\" A=\"0\" B=\"0\" C=\"0\"/> <Digout>0</Digout> <IPOC>1047494618</IPOC> </Sen>"
2025-07-08T14:37:16.590 DBG "<Sen Type=\"ImFree\"> <EStr></EStr> <MoveType>0</MoveType> <RobotBase>1</RobotBase> <DeltaPos X=\"0\" Y=\"0\" Z=\"0\" A=\"0\" B=\"0\" C=\"0\"/> <Digout>0</Digout> <IPOC>1047494622</IPOC> </Sen>"
2025-07-08T14:37:16.590 DBG "<Sen Type=\"ImFree\"> <EStr></EStr> <MoveType>0</MoveType> <RobotBase>1</RobotBase> <DeltaPos X=\"0\" Y=\"0\" Z=\"0\" A=\"0\" B=\"0\" C=\"0\"/> <Digout>0</Digout> <IPOC>1047494626</IPOC> </Sen>"
2025-07-08T14:37:16.591 DBG "<Sen Type=\"ImFree\"> <EStr></EStr> <MoveType>0</MoveType> <RobotBase>1</RobotBase> <DeltaPos X=\"0\" Y=\"0\" Z=\"0\" A=\"0\" B=\"0\" C=\"0\"/> <Digout>0</Digout> <IPOC>1047494630</IPOC> </Sen>"
2025-07-08T14:37:16.592 DBG "<Sen Type=\"ImFree\"> <EStr></EStr> <MoveType>0</MoveType> <RobotBase>1</RobotBase> <DeltaPos X=\"0\" Y=\"0\" Z=\"0\" A=\"0\" B=\"0\" C=\"0\"/> <Digout>0</Digout> <IPOC>1047494634</IPOC> </Sen>"
2025-07-08T14:37:16.592 DBG "<Sen Type=\"ImFree\"> <EStr></EStr> <MoveType>0</MoveType> <RobotBase>1</RobotBase> <DeltaPos X=\"0\" Y=\"0\" Z=\"0\" A=\"0\" B=\"0\" C=\"0\"/> <Digout>0</Digout> <IPOC>1047494638</IPOC> </Sen>"
2025-07-08T14:37:16.593 DBG "<Sen Type=\"ImFree\"> <EStr></EStr> <MoveType>0</MoveType> <RobotBase>1</RobotBase> <DeltaPos X=\"0\" Y=\"0\" Z=\"0\" A=\"0\" B=\"0\" C=\"0\"/> <Digout>0</Digout> <IPOC>1047494642</IPOC> </Sen>"
2025-07-08T14:37:16.593 DBG "<Sen Type=\"ImFree\"> <EStr></EStr> <MoveType>0</MoveType> <RobotBase>1</RobotBase> <DeltaPos X=\"0\" Y=\"0\" Z=\"0\" A=\"0\" B=\"0\" C=\"0\"/> <Digout>0</Digout> <IPOC>1047494646</IPOC> </Sen>"
2025-07-08T14:37:16.594 DBG "<Sen Type=\"ImFree\"> <EStr></EStr> <MoveType>0</MoveType> <RobotBase>1</RobotBase> <DeltaPos X=\"0\" Y=\"0\" Z=\"0\" A=\"0\" B=\"0\" C=\"0\"/> <Digout>0</Digout> <IPOC>1047494650</IPOC> </Sen>"
2025-07-08T14:37:16.594 DBG "<Sen Type=\"ImFree\"> <EStr></EStr> <MoveType>0</MoveType> <RobotBase>1</RobotBase> <DeltaPos X=\"0\" Y=\"0\" Z=\"0\" A=\"0\" B=\"0\" C=\"0\"/> <Digout>0</Digout> <IPOC>1047494654</IPOC> </Sen>"
2025-07-08T14:37:16.595 DBG "<Sen Type=\"ImFree\"> <EStr></EStr> <MoveType>0</MoveType> <RobotBase>1</RobotBase> <DeltaPos X=\"0\" Y=\"0\" Z=\"0\" A=\"0\" B=\"0\" C=\"0\"/> <Digout>0</Digout> <IPOC>1047494658</IPOC> </Sen>"
2025-07-08T14:37:16.596 DBG "<Sen Type=\"ImFree\"> <EStr></EStr> <MoveType>0</MoveType> <RobotBase>1</RobotBase> <DeltaPos X=\"0\" Y=\"0\" Z=\"0\" A=\"0\" B=\"0\" C=\"0\"/> <Digout>0</Digout> <IPOC>1047494662</IPOC> </Sen>"
2025-07-08T14:37:16.596 DBG "<Sen Type=\"ImFree\"> <EStr></EStr> <MoveType>0</MoveType> <RobotBase>1</RobotBase> <DeltaPos X=\"0\" Y=\"0\" Z=\"0\" A=\"0\" B=\"0\" C=\"0\"/> <Digout>0</Digout> <IPOC>1047494666</IPOC> </Sen>"
2025-07-08T14:37:16.597 DBG "<Sen Type=\"ImFree\"> <EStr></EStr> <MoveType>0</MoveType> <RobotBase>1</RobotBase> <DeltaPos X=\"0\" Y=\"0\" Z=\"0\" A=\"0\" B=\"0\" C=\"0\"/> <Digout>0</Digout> <IPOC>1047494670</IPOC> </Sen>"
2025-07-08T14:37:16.598 DBG "<Sen Type=\"ImFree\"> <EStr></EStr> <MoveType>0</MoveType> <RobotBase>1</RobotBase> <DeltaPos X=\"0\" Y=\"0\" Z=\"0\" A=\"0\" B=\"0\" C=\"0\"/> <Digout>0</Digout> <IPOC>1047494674</IPOC> </Sen>"
2025-07-08T14:37:16.599 DBG "<Sen Type=\"ImFree\"> <EStr></EStr> <MoveType>0</MoveType> <RobotBase>1</RobotBase> <DeltaPos X=\"0\" Y=\"0\" Z=\"0\" A=\"0\" B=\"0\" C=\"0\"/> <Digout>0</Digout> <IPOC>1047494678</IPOC> </Sen>"
2025-07-08T14:37:16.599 DBG "<Sen Type=\"ImFree\"> <EStr></EStr> <MoveType>0</MoveType> <RobotBase>1</RobotBase> <DeltaPos X=\"0\" Y=\"0\" Z=\"0\" A=\"0\" B=\"0\" C=\"0\"/> <Digout>0</Digout> <IPOC>1047494682</IPOC> </Sen>"
2025-07-08T14:37:16.601 DBG "<Sen Type=\"ImFree\"> <EStr></EStr> <MoveType>0</MoveType> <RobotBase>1</RobotBase> <DeltaPos X=\"0\" Y=\"0\" Z=\"0\" A=\"0\" B=\"0\" C=\"0\"/> <Digout>0</Digout> <IPOC>1047494686</IPOC> </Sen>"
2025-07-08T14:37:16.602 DBG "<Sen Type=\"ImFree\"> <EStr></EStr> <MoveType>0</MoveType> <RobotBase>1</RobotBase> <DeltaPos X=\"0\" Y=\"0\" Z=\"0\" A=\"0\" B=\"0\" C=\"0\"/> <Digout>0</Digout> <IPOC>1047494690</IPOC> </Sen>"
2025-07-08T14:37:16.602 DBG "<Sen Type=\"ImFree\"> <EStr></EStr> <MoveType>0</MoveType> <RobotBase>1</RobotBase> <DeltaPos X=\"0\" Y=\"0\" Z=\"0\" A=\"0\" B=\"0\" C=\"0\"/> <Digout>0</Digout> <IPOC>1047494694</IPOC> </Sen>"
2025-07-08T14:37:16.603 DBG "<Sen Type=\"ImFree\"> <EStr></EStr> <MoveType>0</MoveType> <RobotBase>1</RobotBase> <DeltaPos X=\"0\" Y=\"0\" Z=\"0\" A=\"0\" B=\"0\" C=\"0\"/> <Digout>0</Digout> <IPOC>1047494698</IPOC> </Sen>"
2025-07-08T14:37:16.604 DBG "<Sen Type=\"ImFree\"> <EStr></EStr> <MoveType>0</MoveType> <RobotBase>1</RobotBase> <DeltaPos X=\"0\" Y=\"0\" Z=\"0\" A=\"0\" B=\"0\" C=\"0\"/> <Digout>0</Digout> <IPOC>1047494702</IPOC> </Sen>"
2025-07-08T14:37:16.604 DBG "<Sen Type=\"ImFree\"> <EStr></EStr> <MoveType>0</MoveType> <RobotBase>1</RobotBase> <DeltaPos X=\"0\" Y=\"0\" Z=\"0\" A=\"0\" B=\"0\" C=\"0\"/> <Digout>0</Digout> <IPOC>1047494706</IPOC> </Sen>"
2025-07-08T14:37:16.605 DBG "<Sen Type=\"ImFree\"> <EStr></EStr> <MoveType>0</MoveType> <RobotBase>1</RobotBase> <DeltaPos X=\"0\" Y=\"0\" Z=\"0\" A=\"0\" B=\"0\" C=\"0\"/> <Digout>0</Digout> <IPOC>1047494710</IPOC> </Sen>"
2025-07-08T14:37:16.605 DBG "<Sen Type=\"ImFree\"> <EStr></EStr> <MoveType>0</MoveType> <RobotBase>1</RobotBase> <DeltaPos X=\"0\" Y=\"0\" Z=\"0\" A=\"0\" B=\"0\" C=\"0\"/> <Digout>0</Digout> <IPOC>1047494714</IPOC> </Sen>"
2025-07-08T14:37:16.606 DBG "<Sen Type=\"ImFree\"> <EStr></EStr> <MoveType>0</MoveType> <RobotBase>1</RobotBase> <DeltaPos X=\"0\" Y=\"0\" Z=\"0\" A=\"0\" B=\"0\" C=\"0\"/> <Digout>0</Digout> <IPOC>1047494718</IPOC> </Sen>"
2025-07-08T14:37:16.607 DBG "<Sen Type=\"ImFree\"> <EStr></EStr> <MoveType>0</MoveType> <RobotBase>1</RobotBase> <DeltaPos X=\"0\" Y=\"0\" Z=\"0\" A=\"0\" B=\"0\" C=\"0\"/> <Digout>0</Digout> <IPOC>1047494722</IPOC> </Sen>"
2025-07-08T14:37:16.607 DBG "<Sen Type=\"ImFree\"> <EStr></EStr> <MoveType>0</MoveType> <RobotBase>1</RobotBase> <DeltaPos X=\"0\" Y=\"0\" Z=\"0\" A=\"0\" B=\"0\" C=\"0\"/> <Digout>0</Digout> <IPOC>1047494726</IPOC> </Sen>"
2025-07-08T14:37:16.608 DBG "<Sen Type=\"ImFree\"> <EStr></EStr> <MoveType>0</MoveType> <RobotBase>1</RobotBase> <DeltaPos X=\"0\" Y=\"0\" Z=\"0\" A=\"0\" B=\"0\" C=\"0\"/> <Digout>0</Digout> <IPOC>1047494730</IPOC> </Sen>"
2025-07-08T14:37:16.608 DBG "<Sen Type=\"ImFree\"> <EStr></EStr> <MoveType>0</MoveType> <RobotBase>1</RobotBase> <DeltaPos X=\"0\" Y=\"0\" Z=\"0\" A=\"0\" B=\"0\" C=\"0\"/> <Digout>0</Digout> <IPOC>1047494734</IPOC> </Sen>"
2025-07-08T14:37:16.609 DBG "<Sen Type=\"ImFree\"> <EStr></EStr> <MoveType>0</MoveType> <RobotBase>1</RobotBase> <DeltaPos X=\"0\" Y=\"0\" Z=\"0\" A=\"0\" B=\"0\" C=\"0\"/> <Digout>0</Digout> <IPOC>1047494738</IPOC> </Sen>"
2025-07-08T14:37:16.610 DBG "<Sen Type=\"ImFree\"> <EStr></EStr> <MoveType>0</MoveType> <RobotBase>1</RobotBase> <DeltaPos X=\"0\" Y=\"0\" Z=\"0\" A=\"0\" B=\"0\" C=\"0\"/> <Digout>0</Digout> <IPOC>1047494742</IPOC> </Sen>"
2025-07-08T14:37:16.610 DBG "<Sen Type=\"ImFree\"> <EStr></EStr> <MoveType>0</MoveType> <RobotBase>1</RobotBase> <DeltaPos X=\"0\" Y=\"0\" Z=\"0\" A=\"0\" B=\"0\" C=\"0\"/> <Digout>0</Digout> <IPOC>1047494746</IPOC> </Sen>"
2025-07-08T14:37:16.611 DBG "<Sen Type=\"ImFree\"> <EStr></EStr> <MoveType>0</MoveType> <RobotBase>1</RobotBase> <DeltaPos X=\"0\" Y=\"0\" Z=\"0\" A=\"0\" B=\"0\" C=\"0\"/> <Digout>0</Digout> <IPOC>1047494750</IPOC> </Sen>"
2025-07-08T14:37:16.612 DBG "<Sen Type=\"ImFree\"> <EStr></EStr> <MoveType>0</MoveType> <RobotBase>1</RobotBase> <DeltaPos X=\"0\" Y=\"0\" Z=\"0\" A=\"0\" B=\"0\" C=\"0\"/> <Digout>0</Digout> <IPOC>1047494754</IPOC> </Sen>"
2025-07-08T14:37:16.613 DBG "<Sen Type=\"ImFree\"> <EStr></EStr> <MoveType>0</MoveType> <RobotBase>1</RobotBase> <DeltaPos X=\"0\" Y=\"0\" Z=\"0\" A=\"0\" B=\"0\" C=\"0\"/> <Digout>0</Digout> <IPOC>1047494758</IPOC> </Sen>"
2025-07-08T14:37:16.613 DBG "<Sen Type=\"ImFree\"> <EStr></EStr> <MoveType>0</MoveType> <RobotBase>1</RobotBase> <DeltaPos X=\"0\" Y=\"0\" Z=\"0\" A=\"0\" B=\"0\" C=\"0\"/> <Digout>0</Digout> <IPOC>1047494762</IPOC> </Sen>"
2025-07-08T14:37:16.613 DBG "<Sen Type=\"ImFree\"> <EStr></EStr> <MoveType>0</MoveType> <RobotBase>1</RobotBase> <DeltaPos X=\"0\" Y=\"0\" Z=\"0\" A=\"0\" B=\"0\" C=\"0\"/> <Digout>0</Digout> <IPOC>1047494766</IPOC> </Sen>"
2025-07-08T14:37:16.614 DBG "<Sen Type=\"ImFree\"> <EStr></EStr> <MoveType>0</MoveType> <RobotBase>1</RobotBase> <DeltaPos X=\"0\" Y=\"0\" Z=\"0\" A=\"0\" B=\"0\" C=\"0\"/> <Digout>0</Digout> <IPOC>1047494770</IPOC> </Sen>"
2025-07-08T14:37:16.615 DBG "<Sen Type=\"ImFree\"> <EStr></EStr> <MoveType>0</MoveType> <RobotBase>1</RobotBase> <DeltaPos X=\"0\" Y=\"0\" Z=\"0\" A=\"0\" B=\"0\" C=\"0\"/> <Digout>0</Digout> <IPOC>1047494774</IPOC> </Sen>"
2025-07-08T14:37:16.615 DBG "<Sen Type=\"ImFree\"> <EStr></EStr> <MoveType>0</MoveType> <RobotBase>1</RobotBase> <DeltaPos X=\"0\" Y=\"0\" Z=\"0\" A=\"0\" B=\"0\" C=\"0\"/> <Digout>0</Digout> <IPOC>1047494778</IPOC> </Sen>"
2025-07-08T14:37:16.616 DBG "<Sen Type=\"ImFree\"> <EStr></EStr> <MoveType>0</MoveType> <RobotBase>1</RobotBase> <DeltaPos X=\"0\" Y=\"0\" Z=\"0\" A=\"0\" B=\"0\" C=\"0\"/> <Digout>0</Digout> <IPOC>1047494782</IPOC> </Sen>"
2025-07-08T14:37:16.617 DBG "<Sen Type=\"ImFree\"> <EStr></EStr> <MoveType>0</MoveType> <RobotBase>1</RobotBase> <DeltaPos X=\"0\" Y=\"0\" Z=\"0\" A=\"0\" B=\"0\" C=\"0\"/> <Digout>0</Digout> <IPOC>1047494786</IPOC> </Sen>"
2025-07-08T14:37:16.618 DBG "<Sen Type=\"ImFree\"> <EStr></EStr> <MoveType>0</MoveType> <RobotBase>1</RobotBase> <DeltaPos X=\"0\" Y=\"0\" Z=\"0\" A=\"0\" B=\"0\" C=\"0\"/> <Digout>0</Digout> <IPOC>1047494790</IPOC> </Sen>"
2025-07-08T14:37:16.618 DBG "<Sen Type=\"ImFree\"> <EStr></EStr> <MoveType>0</MoveType> <RobotBase>1</RobotBase> <DeltaPos X=\"0\" Y=\"0\" Z=\"0\" A=\"0\" B=\"0\" C=\"0\"/> <Digout>0</Digout> <IPOC>1047494794</IPOC> </Sen>"
2025-07-08T14:37:16.618 DBG "<Sen Type=\"ImFree\"> <EStr></EStr> <MoveType>0</MoveType> <RobotBase>1</RobotBase> <DeltaPos X=\"0\" Y=\"0\" Z=\"0\" A=\"0\" B=\"0\" C=\"0\"/> <Digout>0</Digout> <IPOC>1047494798</IPOC> </Sen>"
2025-07-08T14:37:16.619 DBG "<Sen Type=\"ImFree\"> <EStr></EStr> <MoveType>0</MoveType> <RobotBase>1</RobotBase> <DeltaPos X=\"0\" Y=\"0\" Z=\"0\" A=\"0\" B=\"0\" C=\"0\"/> <Digout>0</Digout> <IPOC>1047494802</IPOC> </Sen>"
2025-07-08T14:37:16.957 DBG "<Sen Type=\"ImFree\"> <EStr></EStr> <MoveType>0</MoveType> <RobotBase>1</RobotBase> <DeltaPos X=\"0\" Y=\"0\" Z=\"0\" A=\"0\" B=\"0\" C=\"0\"/> <Digout>0</Digout> <IPOC>1047494806</IPOC> </Sen>"
2025-07-08T14:37:16.958 DBG "<Sen Type=\"ImFree\"> <EStr></EStr> <MoveType>0</MoveType> <RobotBase>1</RobotBase> <DeltaPos X=\"0\" Y=\"0\" Z=\"0\" A=\"0\" B=\"0\" C=\"0\"/> <Digout>0</Digout> <IPOC>1047494810</IPOC> </Sen>"
2025-07-08T14:37:16.960 DBG "<Sen Type=\"ImFree\"> <EStr></EStr> <MoveType>0</MoveType> <RobotBase>1</RobotBase> <DeltaPos X=\"0\" Y=\"0\" Z=\"0\" A=\"0\" B=\"0\" C=\"0\"/> <Digout>0</Digout> <IPOC>1047494814</IPOC> </Sen>"
2025-07-08T14:37:16.962 DBG "<Sen Type=\"ImFree\"> <EStr></EStr> <MoveType>0</MoveType> <RobotBase>1</RobotBase> <DeltaPos X=\"0\" Y=\"0\" Z=\"0\" A=\"0\" B=\"0\" C=\"0\"/> <Digout>0</Digout> <IPOC>1047494818</IPOC> </Sen>"
2025-07-08T14:37:16.963 DBG "<Sen Type=\"ImFree\"> <EStr></EStr> <MoveType>0</MoveType> <RobotBase>1</RobotBase> <DeltaPos X=\"0\" Y=\"0\" Z=\"0\" A=\"0\" B=\"0\" C=\"0\"/> <Digout>0</Digout> <IPOC>1047494822</IPOC> </Sen>"
2025-07-08T14:37:16.964 DBG "<Sen Type=\"ImFree\"> <EStr></EStr> <MoveType>0</MoveType> <RobotBase>1</RobotBase> <DeltaPos X=\"0\" Y=\"0\" Z=\"0\" A=\"0\" B=\"0\" C=\"0\"/> <Digout>0</Digout> <IPOC>1047494826</IPOC> </Sen>"
2025-07-08T14:37:16.965 DBG "<Sen Type=\"ImFree\"> <EStr></EStr> <MoveType>0</MoveType> <RobotBase>1</RobotBase> <DeltaPos X=\"0\" Y=\"0\" Z=\"0\" A=\"0\" B=\"0\" C=\"0\"/> <Digout>0</Digout> <IPOC>1047494830</IPOC> </Sen>"
2025-07-08T14:37:16.967 DBG "<Sen Type=\"ImFree\"> <EStr></EStr> <MoveType>0</MoveType> <RobotBase>1</RobotBase> <DeltaPos X=\"0\" Y=\"0\" Z=\"0\" A=\"0\" B=\"0\" C=\"0\"/> <Digout>0</Digout> <IPOC>1047494834</IPOC> </Sen>"
2025-07-08T14:37:16.969 DBG "<Sen Type=\"ImFree\"> <EStr></EStr> <MoveType>0</MoveType> <RobotBase>1</RobotBase> <DeltaPos X=\"0\" Y=\"0\" Z=\"0\" A=\"0\" B=\"0\" C=\"0\"/> <Digout>0</Digout> <IPOC>1047494838</IPOC> </Sen>"
2025-07-08T14:37:16.972 DBG "<Sen Type=\"ImFree\"> <EStr></EStr> <MoveType>0</MoveType> <RobotBase>1</RobotBase> <DeltaPos X=\"0\" Y=\"0\" Z=\"0\" A=\"0\" B=\"0\" C=\"0\"/> <Digout>0</Digout> <IPOC>1047494842</IPOC> </Sen>"
2025-07-08T14:37:16.974 DBG "<Sen Type=\"ImFree\"> <EStr></EStr> <MoveType>0</MoveType> <RobotBase>1</RobotBase> <DeltaPos X=\"0\" Y=\"0\" Z=\"0\" A=\"0\" B=\"0\" C=\"0\"/> <Digout>0</Digout> <IPOC>1047494846</IPOC> </Sen>"
2025-07-08T14:37:16.976 DBG "<Sen Type=\"ImFree\"> <EStr></EStr> <MoveType>0</MoveType> <RobotBase>1</RobotBase> <DeltaPos X=\"0\" Y=\"0\" Z=\"0\" A=\"0\" B=\"0\" C=\"0\"/> <Digout>0</Digout> <IPOC>1047494850</IPOC> </Sen>"
2025-07-08T14:37:16.977 DBG "<Sen Type=\"ImFree\"> <EStr></EStr> <MoveType>0</MoveType> <RobotBase>1</RobotBase> <DeltaPos X=\"0\" Y=\"0\" Z=\"0\" A=\"0\" B=\"0\" C=\"0\"/> <Digout>0</Digout> <IPOC>1047494854</IPOC> </Sen>"
2025-07-08T14:37:16.978 DBG "<Sen Type=\"ImFree\"> <EStr></EStr> <MoveType>0</MoveType> <RobotBase>1</RobotBase> <DeltaPos X=\"0\" Y=\"0\" Z=\"0\" A=\"0\" B=\"0\" C=\"0\"/> <Digout>0</Digout> <IPOC>1047494858</IPOC> </Sen>"
2025-07-08T14:37:16.980 DBG "<Sen Type=\"ImFree\"> <EStr></EStr> <MoveType>0</MoveType> <RobotBase>1</RobotBase> <DeltaPos X=\"0\" Y=\"0\" Z=\"0\" A=\"0\" B=\"0\" C=\"0\"/> <Digout>0</Digout> <IPOC>1047494862</IPOC> </Sen>"
2025-07-08T14:37:16.983 DBG "<Sen Type=\"ImFree\"> <EStr></EStr> <MoveType>0</MoveType> <RobotBase>1</RobotBase> <DeltaPos X=\"0\" Y=\"0\" Z=\"0\" A=\"0\" B=\"0\" C=\"0\"/> <Digout>0</Digout> <IPOC>1047494866</IPOC> </Sen>"
2025-07-08T14:37:16.984 DBG "<Sen Type=\"ImFree\"> <EStr></EStr> <MoveType>0</MoveType> <RobotBase>1</RobotBase> <DeltaPos X=\"0\" Y=\"0\" Z=\"0\" A=\"0\" B=\"0\" C=\"0\"/> <Digout>0</Digout> <IPOC>1047494870</IPOC> </Sen>"
2025-07-08T14:37:16.985 DBG "<Sen Type=\"ImFree\"> <EStr></EStr> <MoveType>0</MoveType> <RobotBase>1</RobotBase> <DeltaPos X=\"0\" Y=\"0\" Z=\"0\" A=\"0\" B=\"0\" C=\"0\"/> <Digout>0</Digout> <IPOC>1047494874</IPOC> </Sen>"
2025-07-08T14:37:16.986 DBG "<Sen Type=\"ImFree\"> <EStr></EStr> <MoveType>0</MoveType> <RobotBase>1</RobotBase> <DeltaPos X=\"0\" Y=\"0\" Z=\"0\" A=\"0\" B=\"0\" C=\"0\"/> <Digout>0</Digout> <IPOC>1047494878</IPOC> </Sen>"
2025-07-08T14:37:16.987 DBG "<Sen Type=\"ImFree\"> <EStr></EStr> <MoveType>0</MoveType> <RobotBase>1</RobotBase> <DeltaPos X=\"0\" Y=\"0\" Z=\"0\" A=\"0\" B=\"0\" C=\"0\"/> <Digout>0</Digout> <IPOC>1047494882</IPOC> </Sen>"
2025-07-08T14:37:16.987 DBG "<Sen Type=\"ImFree\"> <EStr></EStr> <MoveType>0</MoveType> <RobotBase>1</RobotBase> <DeltaPos X=\"0\" Y=\"0\" Z=\"0\" A=\"0\" B=\"0\" C=\"0\"/> <Digout>0</Digout> <IPOC>1047494886</IPOC> </Sen>"
2025-07-08T14:37:16.988 DBG "<Sen Type=\"ImFree\"> <EStr></EStr> <MoveType>0</MoveType> <RobotBase>1</RobotBase> <DeltaPos X=\"0\" Y=\"0\" Z=\"0\" A=\"0\" B=\"0\" C=\"0\"/> <Digout>0</Digout> <IPOC>1047494890</IPOC> </Sen>"
2025-07-08T14:37:16.989 DBG "<Sen Type=\"ImFree\"> <EStr></EStr> <MoveType>0</MoveType> <RobotBase>1</RobotBase> <DeltaPos X=\"0\" Y=\"0\" Z=\"0\" A=\"0\" B=\"0\" C=\"0\"/> <Digout>0</Digout> <IPOC>1047494894</IPOC> </Sen>"
2025-07-08T14:37:16.990 DBG "<Sen Type=\"ImFree\"> <EStr></EStr> <MoveType>0</MoveType> <RobotBase>1</RobotBase> <DeltaPos X=\"0\" Y=\"0\" Z=\"0\" A=\"0\" B=\"0\" C=\"0\"/> <Digout>0</Digout> <IPOC>1047494898</IPOC> </Sen>"
2025-07-08T14:37:16.990 DBG "<Sen Type=\"ImFree\"> <EStr></EStr> <MoveType>0</MoveType> <RobotBase>1</RobotBase> <DeltaPos X=\"0\" Y=\"0\" Z=\"0\" A=\"0\" B=\"0\" C=\"0\"/> <Digout>0</Digout> <IPOC>1047494902</IPOC> </Sen>"
2025-07-08T14:37:16.991 DBG "<Sen Type=\"ImFree\"> <EStr></EStr> <MoveType>0</MoveType> <RobotBase>1</RobotBase> <DeltaPos X=\"0\" Y=\"0\" Z=\"0\" A=\"0\" B=\"0\" C=\"0\"/> <Digout>0</Digout> <IPOC>1047494906</IPOC> </Sen>"
2025-07-08T14:37:16.992 DBG "<Sen Type=\"ImFree\"> <EStr></EStr> <MoveType>0</MoveType> <RobotBase>1</RobotBase> <DeltaPos X=\"0\" Y=\"0\" Z=\"0\" A=\"0\" B=\"0\" C=\"0\"/> <Digout>0</Digout> <IPOC>1047494910</IPOC> </Sen>"
2025-07-08T14:37:16.993 DBG "<Sen Type=\"ImFree\"> <EStr></EStr> <MoveType>0</MoveType> <RobotBase>1</RobotBase> <DeltaPos X=\"0\" Y=\"0\" Z=\"0\" A=\"0\" B=\"0\" C=\"0\"/> <Digout>0</Digout> <IPOC>1047494914</IPOC> </Sen>"
2025-07-08T14:37:16.993 DBG "<Sen Type=\"ImFree\"> <EStr></EStr> <MoveType>0</MoveType> <RobotBase>1</RobotBase> <DeltaPos X=\"0\" Y=\"0\" Z=\"0\" A=\"0\" B=\"0\" C=\"0\"/> <Digout>0</Digout> <IPOC>1047494918</IPOC> </Sen>"
2025-07-08T14:37:16.994 DBG "<Sen Type=\"ImFree\"> <EStr></EStr> <MoveType>0</MoveType> <RobotBase>1</RobotBase> <DeltaPos X=\"0\" Y=\"0\" Z=\"0\" A=\"0\" B=\"0\" C=\"0\"/> <Digout>0</Digout> <IPOC>1047494922</IPOC> </Sen>"
2025-07-08T14:37:16.995 DBG "<Sen Type=\"ImFree\"> <EStr></EStr> <MoveType>0</MoveType> <RobotBase>1</RobotBase> <DeltaPos X=\"0\" Y=\"0\" Z=\"0\" A=\"0\" B=\"0\" C=\"0\"/> <Digout>0</Digout> <IPOC>1047494926</IPOC> </Sen>"
2025-07-08T14:37:16.995 DBG "<Sen Type=\"ImFree\"> <EStr></EStr> <MoveType>0</MoveType> <RobotBase>1</RobotBase> <DeltaPos X=\"0\" Y=\"0\" Z=\"0\" A=\"0\" B=\"0\" C=\"0\"/> <Digout>0</Digout> <IPOC>1047494930</IPOC> </Sen>"
2025-07-08T14:37:16.996 DBG "<Sen Type=\"ImFree\"> <EStr></EStr> <MoveType>0</MoveType> <RobotBase>1</RobotBase> <DeltaPos X=\"0\" Y=\"0\" Z=\"0\" A=\"0\" B=\"0\" C=\"0\"/> <Digout>0</Digout> <IPOC>1047494934</IPOC> </Sen>"
2025-07-08T14:37:16.997 DBG "<Sen Type=\"ImFree\"> <EStr></EStr> <MoveType>0</MoveType> <RobotBase>1</RobotBase> <DeltaPos X=\"0\" Y=\"0\" Z=\"0\" A=\"0\" B=\"0\" C=\"0\"/> <Digout>0</Digout> <IPOC>1047494938</IPOC> </Sen>"
2025-07-08T14:37:16.997 DBG "<Sen Type=\"ImFree\"> <EStr></EStr> <MoveType>0</MoveType> <RobotBase>1</RobotBase> <DeltaPos X=\"0\" Y=\"0\" Z=\"0\" A=\"0\" B=\"0\" C=\"0\"/> <Digout>0</Digout> <IPOC>1047494942</IPOC> </Sen>"
2025-07-08T14:37:17.000 DBG "<Sen Type=\"ImFree\"> <EStr></EStr> <MoveType>0</MoveType> <RobotBase>1</RobotBase> <DeltaPos X=\"0\" Y=\"0\" Z=\"0\" A=\"0\" B=\"0\" C=\"0\"/> <Digout>0</Digout> <IPOC>1047494946</IPOC> </Sen>"
2025-07-08T14:37:17.000 DBG "<Sen Type=\"ImFree\"> <EStr></EStr> <MoveType>0</MoveType> <RobotBase>1</RobotBase> <DeltaPos X=\"0\" Y=\"0\" Z=\"0\" A=\"0\" B=\"0\" C=\"0\"/> <Digout>0</Digout> <IPOC>1047494950</IPOC> </Sen>"
2025-07-08T14:37:17.002 DBG "<Sen Type=\"ImFree\"> <EStr></EStr> <MoveType>0</MoveType> <RobotBase>1</RobotBase> <DeltaPos X=\"0\" Y=\"0\" Z=\"0\" A=\"0\" B=\"0\" C=\"0\"/> <Digout>0</Digout> <IPOC>1047494954</IPOC> </Sen>"
2025-07-08T14:37:17.003 DBG "<Sen Type=\"ImFree\"> <EStr></EStr> <MoveType>0</MoveType> <RobotBase>1</RobotBase> <DeltaPos X=\"0\" Y=\"0\" Z=\"0\" A=\"0\" B=\"0\" C=\"0\"/> <Digout>0</Digout> <IPOC>1047494958</IPOC> </Sen>"
2025-07-08T14:37:17.003 DBG "<Sen Type=\"ImFree\"> <EStr></EStr> <MoveType>0</MoveType> <RobotBase>1</RobotBase> <DeltaPos X=\"0\" Y=\"0\" Z=\"0\" A=\"0\" B=\"0\" C=\"0\"/> <Digout>0</Digout> <IPOC>1047494962</IPOC> </Sen>"
2025-07-08T14:37:17.004 DBG "<Sen Type=\"ImFree\"> <EStr></EStr> <MoveType>0</MoveType> <RobotBase>1</RobotBase> <DeltaPos X=\"0\" Y=\"0\" Z=\"0\" A=\"0\" B=\"0\" C=\"0\"/> <Digout>0</Digout> <IPOC>1047494966</IPOC> </Sen>"
2025-07-08T14:37:17.004 DBG "<Sen Type=\"ImFree\"> <EStr></EStr> <MoveType>0</MoveType> <RobotBase>1</RobotBase> <DeltaPos X=\"0\" Y=\"0\" Z=\"0\" A=\"0\" B=\"0\" C=\"0\"/> <Digout>0</Digout> <IPOC>1047494970</IPOC> </Sen>"
2025-07-08T14:37:17.004 DBG "<Sen Type=\"ImFree\"> <EStr></EStr> <MoveType>0</MoveType> <RobotBase>1</RobotBase> <DeltaPos X=\"0\" Y=\"0\" Z=\"0\" A=\"0\" B=\"0\" C=\"0\"/> <Digout>0</Digout> <IPOC>1047494974</IPOC> </Sen>"
2025-07-08T14:37:17.005 DBG "<Sen Type=\"ImFree\"> <EStr></EStr> <MoveType>0</MoveType> <RobotBase>1</RobotBase> <DeltaPos X=\"0\" Y=\"0\" Z=\"0\" A=\"0\" B=\"0\" C=\"0\"/> <Digout>0</Digout> <IPOC>1047494978</IPOC> </Sen>"
2025-07-08T14:37:17.007 DBG "<Sen Type=\"ImFree\"> <EStr></EStr> <MoveType>0</MoveType> <RobotBase>1</RobotBase> <DeltaPos X=\"0\" Y=\"0\" Z=\"0\" A=\"0\" B=\"0\" C=\"0\"/> <Digout>0</Digout> <IPOC>1047494982</IPOC> </Sen>"
2025-07-08T14:37:17.009 DBG "<Sen Type=\"ImFree\"> <EStr></EStr> <MoveType>0</MoveType> <RobotBase>1</RobotBase> <DeltaPos X=\"0\" Y=\"0\" Z=\"0\" A=\"0\" B=\"0\" C=\"0\"/> <Digout>0</Digout> <IPOC>1047494986</IPOC> </Sen>"
2025-07-08T14:37:17.010 DBG "<Sen Type=\"ImFree\"> <EStr></EStr> <MoveType>0</MoveType> <RobotBase>1</RobotBase> <DeltaPos X=\"0\" Y=\"0\" Z=\"0\" A=\"0\" B=\"0\" C=\"0\"/> <Digout>0</Digout> <IPOC>1047494990</IPOC> </Sen>"
2025-07-08T14:37:17.011 DBG "<Sen Type=\"ImFree\"> <EStr></EStr> <MoveType>0</MoveType> <RobotBase>1</RobotBase> <DeltaPos X=\"0\" Y=\"0\" Z=\"0\" A=\"0\" B=\"0\" C=\"0\"/> <Digout>0</Digout> <IPOC>1047494994</IPOC> </Sen>"
2025-07-08T14:37:17.011 DBG "<Sen Type=\"ImFree\"> <EStr></EStr> <MoveType>0</MoveType> <RobotBase>1</RobotBase> <DeltaPos X=\"0\" Y=\"0\" Z=\"0\" A=\"0\" B=\"0\" C=\"0\"/> <Digout>0</Digout> <IPOC>1047494998</IPOC> </Sen>"
2025-07-08T14:37:17.012 DBG "<Sen Type=\"ImFree\"> <EStr></EStr> <MoveType>0</MoveType> <RobotBase>1</RobotBase> <DeltaPos X=\"0\" Y=\"0\" Z=\"0\" A=\"0\" B=\"0\" C=\"0\"/> <Digout>0</Digout> <IPOC>1047495002</IPOC> </Sen>"
2025-07-08T14:37:17.012 DBG "<Sen Type=\"ImFree\"> <EStr></EStr> <MoveType>0</MoveType> <RobotBase>1</RobotBase> <DeltaPos X=\"0\" Y=\"0\" Z=\"0\" A=\"0\" B=\"0\" C=\"0\"/> <Digout>0</Digout> <IPOC>1047495006</IPOC> </Sen>"
2025-07-08T14:37:17.013 DBG "<Sen Type=\"ImFree\"> <EStr></EStr> <MoveType>0</MoveType> <RobotBase>1</RobotBase> <DeltaPos X=\"0\" Y=\"0\" Z=\"0\" A=\"0\" B=\"0\" C=\"0\"/> <Digout>0</Digout> <IPOC>1047495010</IPOC> </Sen>"
2025-07-08T14:37:17.013 DBG "<Sen Type=\"ImFree\"> <EStr></EStr> <MoveType>0</MoveType> <RobotBase>1</RobotBase> <DeltaPos X=\"0\" Y=\"0\" Z=\"0\" A=\"0\" B=\"0\" C=\"0\"/> <Digout>0</Digout> <IPOC>1047495014</IPOC> </Sen>"
2025-07-08T14:37:17.014 DBG "<Sen Type=\"ImFree\"> <EStr></EStr> <MoveType>0</MoveType> <RobotBase>1</RobotBase> <DeltaPos X=\"0\" Y=\"0\" Z=\"0\" A=\"0\" B=\"0\" C=\"0\"/> <Digout>0</Digout> <IPOC>1047495018</IPOC> </Sen>"
2025-07-08T14:37:17.015 DBG "<Sen Type=\"ImFree\"> <EStr></EStr> <MoveType>0</MoveType> <RobotBase>1</RobotBase> <DeltaPos X=\"0\" Y=\"0\" Z=\"0\" A=\"0\" B=\"0\" C=\"0\"/> <Digout>0</Digout> <IPOC>1047495022</IPOC> </Sen>"
2025-07-08T14:37:17.019 DBG "<Sen Type=\"ImFree\"> <EStr></EStr> <MoveType>0</MoveType> <RobotBase>1</RobotBase> <DeltaPos X=\"0\" Y=\"0\" Z=\"0\" A=\"0\" B=\"0\" C=\"0\"/> <Digout>0</Digout> <IPOC>1047495026</IPOC> </Sen>"
2025-07-08T14:37:17.020 DBG "<Sen Type=\"ImFree\"> <EStr></EStr> <MoveType>0</MoveType> <RobotBase>1</RobotBase> <DeltaPos X=\"0\" Y=\"0\" Z=\"0\" A=\"0\" B=\"0\" C=\"0\"/> <Digout>0</Digout> <IPOC>1047495030</IPOC> </Sen>"
2025-07-08T14:37:17.021 DBG "<Sen Type=\"ImFree\"> <EStr></EStr> <MoveType>0</MoveType> <RobotBase>1</RobotBase> <DeltaPos X=\"0\" Y=\"0\" Z=\"0\" A=\"0\" B=\"0\" C=\"0\"/> <Digout>0</Digout> <IPOC>1047495034</IPOC> </Sen>"
2025-07-08T14:37:17.022 DBG "<Sen Type=\"ImFree\"> <EStr></EStr> <MoveType>0</MoveType> <RobotBase>1</RobotBase> <DeltaPos X=\"0\" Y=\"0\" Z=\"0\" A=\"0\" B=\"0\" C=\"0\"/> <Digout>0</Digout> <IPOC>1047495038</IPOC> </Sen>"
2025-07-08T14:37:17.023 DBG "<Sen Type=\"ImFree\"> <EStr></EStr> <MoveType>0</MoveType> <RobotBase>1</RobotBase> <DeltaPos X=\"0\" Y=\"0\" Z=\"0\" A=\"0\" B=\"0\" C=\"0\"/> <Digout>0</Digout> <IPOC>1047495042</IPOC> </Sen>"
2025-07-08T14:37:17.024 DBG "<Sen Type=\"ImFree\"> <EStr></EStr> <MoveType>0</MoveType> <RobotBase>1</RobotBase> <DeltaPos X=\"0\" Y=\"0\" Z=\"0\" A=\"0\" B=\"0\" C=\"0\"/> <Digout>0</Digout> <IPOC>1047495046</IPOC> </Sen>"
2025-07-08T14:37:17.026 DBG "<Sen Type=\"ImFree\"> <EStr></EStr> <MoveType>0</MoveType> <RobotBase>1</RobotBase> <DeltaPos X=\"0\" Y=\"0\" Z=\"0\" A=\"0\" B=\"0\" C=\"0\"/> <Digout>0</Digout> <IPOC>1047495050</IPOC> </Sen>"
2025-07-08T14:37:17.028 DBG "<Sen Type=\"ImFree\"> <EStr></EStr> <MoveType>0</MoveType> <RobotBase>1</RobotBase> <DeltaPos X=\"0\" Y=\"0\" Z=\"0\" A=\"0\" B=\"0\" C=\"0\"/> <Digout>0</Digout> <IPOC>1047495054</IPOC> </Sen>"
2025-07-08T14:37:17.029 DBG "<Sen Type=\"ImFree\"> <EStr></EStr> <MoveType>0</MoveType> <RobotBase>1</RobotBase> <DeltaPos X=\"0\" Y=\"0\" Z=\"0\" A=\"0\" B=\"0\" C=\"0\"/> <Digout>0</Digout> <IPOC>1047495058</IPOC> </Sen>"
2025-07-08T14:37:17.030 DBG "<Sen Type=\"ImFree\"> <EStr></EStr> <MoveType>0</MoveType> <RobotBase>1</RobotBase> <DeltaPos X=\"0\" Y=\"0\" Z=\"0\" A=\"0\" B=\"0\" C=\"0\"/> <Digout>0</Digout> <IPOC>1047495062</IPOC> </Sen>"
2025-07-08T14:37:17.032 DBG "<Sen Type=\"ImFree\"> <EStr></EStr> <MoveType>0</MoveType> <RobotBase>1</RobotBase> <DeltaPos X=\"0\" Y=\"0\" Z=\"0\" A=\"0\" B=\"0\" C=\"0\"/> <Digout>0</Digout> <IPOC>1047495066</IPOC> </Sen>"
2025-07-08T14:37:17.033 DBG "<Sen Type=\"ImFree\"> <EStr></EStr> <MoveType>0</MoveType> <RobotBase>1</RobotBase> <DeltaPos X=\"0\" Y=\"0\" Z=\"0\" A=\"0\" B=\"0\" C=\"0\"/> <Digout>0</Digout> <IPOC>1047495070</IPOC> </Sen>"
2025-07-08T14:37:17.035 DBG "<Sen Type=\"ImFree\"> <EStr></EStr> <MoveType>0</MoveType> <RobotBase>1</RobotBase> <DeltaPos X=\"0\" Y=\"0\" Z=\"0\" A=\"0\" B=\"0\" C=\"0\"/> <Digout>0</Digout> <IPOC>1047495074</IPOC> </Sen>"
2025-07-08T14:37:17.036 DBG "<Sen Type=\"ImFree\"> <EStr></EStr> <MoveType>0</MoveType> <RobotBase>1</RobotBase> <DeltaPos X=\"0\" Y=\"0\" Z=\"0\" A=\"0\" B=\"0\" C=\"0\"/> <Digout>0</Digout> <IPOC>1047495078</IPOC> </Sen>"
2025-07-08T14:37:17.037 DBG "<Sen Type=\"ImFree\"> <EStr></EStr> <MoveType>0</MoveType> <RobotBase>1</RobotBase> <DeltaPos X=\"0\" Y=\"0\" Z=\"0\" A=\"0\" B=\"0\" C=\"0\"/> <Digout>0</Digout> <IPOC>1047495082</IPOC> </Sen>"
2025-07-08T14:37:17.040 DBG "<Sen Type=\"ImFree\"> <EStr></EStr> <MoveType>0</MoveType> <RobotBase>1</RobotBase> <DeltaPos X=\"0\" Y=\"0\" Z=\"0\" A=\"0\" B=\"0\" C=\"0\"/> <Digout>0</Digout> <IPOC>1047495086</IPOC> </Sen>"
2025-07-08T14:37:17.043 DBG "<Sen Type=\"ImFree\"> <EStr></EStr> <MoveType>0</MoveType> <RobotBase>1</RobotBase> <DeltaPos X=\"0\" Y=\"0\" Z=\"0\" A=\"0\" B=\"0\" C=\"0\"/> <Digout>0</Digout> <IPOC>1047495090</IPOC> </Sen>"
2025-07-08T14:37:17.045 DBG "<Sen Type=\"ImFree\"> <EStr></EStr> <MoveType>0</MoveType> <RobotBase>1</RobotBase> <DeltaPos X=\"0\" Y=\"0\" Z=\"0\" A=\"0\" B=\"0\" C=\"0\"/> <Digout>0</Digout> <IPOC>1047495094</IPOC> </Sen>"
2025-07-08T14:37:17.046 DBG "<Sen Type=\"ImFree\"> <EStr></EStr> <MoveType>0</MoveType> <RobotBase>1</RobotBase> <DeltaPos X=\"0\" Y=\"0\" Z=\"0\" A=\"0\" B=\"0\" C=\"0\"/> <Digout>0</Digout> <IPOC>1047495098</IPOC> </Sen>"
2025-07-08T14:37:17.046 DBG "<Sen Type=\"ImFree\"> <EStr></EStr> <MoveType>0</MoveType> <RobotBase>1</RobotBase> <DeltaPos X=\"0\" Y=\"0\" Z=\"0\" A=\"0\" B=\"0\" C=\"0\"/> <Digout>0</Digout> <IPOC>1047495102</IPOC> </Sen>"
2025-07-08T14:37:17.047 DBG "<Sen Type=\"ImFree\"> <EStr></EStr> <MoveType>0</MoveType> <RobotBase>1</RobotBase> <DeltaPos X=\"0\" Y=\"0\" Z=\"0\" A=\"0\" B=\"0\" C=\"0\"/> <Digout>0</Digout> <IPOC>1047495106</IPOC> </Sen>"
2025-07-08T14:37:17.049 DBG "<Sen Type=\"ImFree\"> <EStr></EStr> <MoveType>0</MoveType> <RobotBase>1</RobotBase> <DeltaPos X=\"0\" Y=\"0\" Z=\"0\" A=\"0\" B=\"0\" C=\"0\"/> <Digout>0</Digout> <IPOC>1047495110</IPOC> </Sen>"
2025-07-08T14:37:17.050 DBG "<Sen Type=\"ImFree\"> <EStr></EStr> <MoveType>0</MoveType> <RobotBase>1</RobotBase> <DeltaPos X=\"0\" Y=\"0\" Z=\"0\" A=\"0\" B=\"0\" C=\"0\"/> <Digout>0</Digout> <IPOC>1047495114</IPOC> </Sen>"
2025-07-08T14:37:17.051 DBG "<Sen Type=\"ImFree\"> <EStr></EStr> <MoveType>0</MoveType> <RobotBase>1</RobotBase> <DeltaPos X=\"0\" Y=\"0\" Z=\"0\" A=\"0\" B=\"0\" C=\"0\"/> <Digout>0</Digout> <IPOC>1047495118</IPOC> </Sen>"
2025-07-08T14:37:17.052 DBG "<Sen Type=\"ImFree\"> <EStr></EStr> <MoveType>0</MoveType> <RobotBase>1</RobotBase> <DeltaPos X=\"0\" Y=\"0\" Z=\"0\" A=\"0\" B=\"0\" C=\"0\"/> <Digout>0</Digout> <IPOC>1047495122</IPOC> </Sen>"
2025-07-08T14:37:17.052 DBG "<Sen Type=\"ImFree\"> <EStr></EStr> <MoveType>0</MoveType> <RobotBase>1</RobotBase> <DeltaPos X=\"0\" Y=\"0\" Z=\"0\" A=\"0\" B=\"0\" C=\"0\"/> <Digout>0</Digout> <IPOC>1047495126</IPOC> </Sen>"
2025-07-08T14:37:17.053 DBG "<Sen Type=\"ImFree\"> <EStr></EStr> <MoveType>0</MoveType> <RobotBase>1</RobotBase> <DeltaPos X=\"0\" Y=\"0\" Z=\"0\" A=\"0\" B=\"0\" C=\"0\"/> <Digout>0</Digout> <IPOC>1047495130</IPOC> </Sen>"
2025-07-08T14:37:17.054 DBG "<Sen Type=\"ImFree\"> <EStr></EStr> <MoveType>0</MoveType> <RobotBase>1</RobotBase> <DeltaPos X=\"0\" Y=\"0\" Z=\"0\" A=\"0\" B=\"0\" C=\"0\"/> <Digout>0</Digout> <IPOC>1047495134</IPOC> </Sen>"
2025-07-08T14:37:17.054 DBG "<Sen Type=\"ImFree\"> <EStr></EStr> <MoveType>0</MoveType> <RobotBase>1</RobotBase> <DeltaPos X=\"0\" Y=\"0\" Z=\"0\" A=\"0\" B=\"0\" C=\"0\"/> <Digout>0</Digout> <IPOC>1047495138</IPOC> </Sen>"
2025-07-08T14:37:17.055 DBG "<Sen Type=\"ImFree\"> <EStr></EStr> <MoveType>0</MoveType> <RobotBase>1</RobotBase> <DeltaPos X=\"0\" Y=\"0\" Z=\"0\" A=\"0\" B=\"0\" C=\"0\"/> <Digout>0</Digout> <IPOC>1047495142</IPOC> </Sen>"
2025-07-08T14:37:17.056 DBG "<Sen Type=\"ImFree\"> <EStr></EStr> <MoveType>0</MoveType> <RobotBase>1</RobotBase> <DeltaPos X=\"0\" Y=\"0\" Z=\"0\" A=\"0\" B=\"0\" C=\"0\"/> <Digout>0</Digout> <IPOC>1047495146</IPOC> </Sen>"
2025-07-08T14:37:17.059 DBG "<Sen Type=\"ImFree\"> <EStr></EStr> <MoveType>0</MoveType> <RobotBase>1</RobotBase> <DeltaPos X=\"0\" Y=\"0\" Z=\"0\" A=\"0\" B=\"0\" C=\"0\"/> <Digout>0</Digout> <IPOC>1047495150</IPOC> </Sen>"
2025-07-08T14:37:17.060 DBG "<Sen Type=\"ImFree\"> <EStr></EStr> <MoveType>0</MoveType> <RobotBase>1</RobotBase> <DeltaPos X=\"0\" Y=\"0\" Z=\"0\" A=\"0\" B=\"0\" C=\"0\"/> <Digout>0</Digout> <IPOC>1047495154</IPOC> </Sen>"
2025-07-08T14:37:17.061 DBG "<Sen Type=\"ImFree\"> <EStr></EStr> <MoveType>0</MoveType> <RobotBase>1</RobotBase> <DeltaPos X=\"0\" Y=\"0\" Z=\"0\" A=\"0\" B=\"0\" C=\"0\"/> <Digout>0</Digout> <IPOC>1047495158</IPOC> </Sen>"
2025-07-08T14:37:17.062 DBG "<Sen Type=\"ImFree\"> <EStr></EStr> <MoveType>0</MoveType> <RobotBase>1</RobotBase> <DeltaPos X=\"0\" Y=\"0\" Z=\"0\" A=\"0\" B=\"0\" C=\"0\"/> <Digout>0</Digout> <IPOC>1047495162</IPOC> </Sen>"
2025-07-08T14:37:17.063 DBG "<Sen Type=\"ImFree\"> <EStr></EStr> <MoveType>0</MoveType> <RobotBase>1</RobotBase> <DeltaPos X=\"0\" Y=\"0\" Z=\"0\" A=\"0\" B=\"0\" C=\"0\"/> <Digout>0</Digout> <IPOC>1047495166</IPOC> </Sen>"
2025-07-08T14:37:17.063 DBG "<Sen Type=\"ImFree\"> <EStr></EStr> <MoveType>0</MoveType> <RobotBase>1</RobotBase> <DeltaPos X=\"0\" Y=\"0\" Z=\"0\" A=\"0\" B=\"0\" C=\"0\"/> <Digout>0</Digout> <IPOC>1047495170</IPOC> </Sen>"
2025-07-08T14:37:17.064 DBG "<Sen Type=\"ImFree\"> <EStr></EStr> <MoveType>0</MoveType> <RobotBase>1</RobotBase> <DeltaPos X=\"0\" Y=\"0\" Z=\"0\" A=\"0\" B=\"0\" C=\"0\"/> <Digout>0</Digout> <IPOC>1047495174</IPOC> </Sen>"
2025-07-08T14:37:17.064 DBG "<Sen Type=\"ImFree\"> <EStr></EStr> <MoveType>0</MoveType> <RobotBase>1</RobotBase> <DeltaPos X=\"0\" Y=\"0\" Z=\"0\" A=\"0\" B=\"0\" C=\"0\"/> <Digout>0</Digout> <IPOC>1047495178</IPOC> </Sen>"
2025-07-08T14:37:17.064 DBG "<Sen Type=\"ImFree\"> <EStr></EStr> <MoveType>0</MoveType> <RobotBase>1</RobotBase> <DeltaPos X=\"0\" Y=\"0\" Z=\"0\" A=\"0\" B=\"0\" C=\"0\"/> <Digout>0</Digout> <IPOC>1047495182</IPOC> </Sen>"
2025-07-08T14:37:17.065 DBG "<Sen Type=\"ImFree\"> <EStr></EStr> <MoveType>0</MoveType> <RobotBase>1</RobotBase> <DeltaPos X=\"0\" Y=\"0\" Z=\"0\" A=\"0\" B=\"0\" C=\"0\"/> <Digout>0</Digout> <IPOC>1047495186</IPOC> </Sen>"
2025-07-08T14:37:17.066 DBG "<Sen Type=\"ImFree\"> <EStr></EStr> <MoveType>0</MoveType> <RobotBase>1</RobotBase> <DeltaPos X=\"0\" Y=\"0\" Z=\"0\" A=\"0\" B=\"0\" C=\"0\"/> <Digout>0</Digout> <IPOC>1047495190</IPOC> </Sen>"
2025-07-08T14:37:17.067 DBG "<Sen Type=\"ImFree\"> <EStr></EStr> <MoveType>0</MoveType> <RobotBase>1</RobotBase> <DeltaPos X=\"0\" Y=\"0\" Z=\"0\" A=\"0\" B=\"0\" C=\"0\"/> <Digout>0</Digout> <IPOC>1047495194</IPOC> </Sen>"
2025-07-08T14:37:17.067 DBG "<Sen Type=\"ImFree\"> <EStr></EStr> <MoveType>0</MoveType> <RobotBase>1</RobotBase> <DeltaPos X=\"0\" Y=\"0\" Z=\"0\" A=\"0\" B=\"0\" C=\"0\"/> <Digout>0</Digout> <IPOC>1047495198</IPOC> </Sen>"
2025-07-08T14:37:17.069 DBG "<Sen Type=\"ImFree\"> <EStr></EStr> <MoveType>0</MoveType> <RobotBase>1</RobotBase> <DeltaPos X=\"0\" Y=\"0\" Z=\"0\" A=\"0\" B=\"0\" C=\"0\"/> <Digout>0</Digout> <IPOC>1047495202</IPOC> </Sen>"
2025-07-08T14:37:17.070 DBG "<Sen Type=\"ImFree\"> <EStr></EStr> <MoveType>0</MoveType> <RobotBase>1</RobotBase> <DeltaPos X=\"0\" Y=\"0\" Z=\"0\" A=\"0\" B=\"0\" C=\"0\"/> <Digout>0</Digout> <IPOC>1047495206</IPOC> </Sen>"
2025-07-08T14:37:17.552 WRN "Communication lost with robot (172.31.2.108:53453)"
2025-07-08T14:37:55.228 INF "Config loaded: C:/Users/roman.clavier/Documents/Roman/Programmation/C++/BluePoint/KukaRSI/Config/default.json"
